{
  "/Users/Miranda/twelveLabs/Get-Inspiration-V2/src/keys.js": {
    "path": "/Users/Miranda/twelveLabs/Get-Inspiration-V2/src/keys.js",
    "statementMap": {
      "0": {
        "start": {
          "line": 1,
          "column": 13
        },
        "end": {
          "line": 9,
          "column": 1
        }
      }
    },
    "fnMap": {},
    "branchMap": {},
    "s": {
      "0": 3
    },
    "f": {},
    "b": {},
    "_coverageSchema": "1a1c01bbd47fc00a2c39e90264f33305004495a9",
    "hash": "7ff34852a33ac88f02bee0e9c3d2100c03ada45b"
  },
  "/Users/Miranda/twelveLabs/Get-Inspiration-V2/src/LoadingSpinner.js": {
    "path": "/Users/Miranda/twelveLabs/Get-Inspiration-V2/src/LoadingSpinner.js",
    "statementMap": {
      "0": {
        "start": {
          "line": 5,
          "column": 2
        },
        "end": {
          "line": 15,
          "column": 4
        }
      }
    },
    "fnMap": {
      "0": {
        "name": "LoadingSpinner",
        "decl": {
          "start": {
            "line": 4,
            "column": 9
          },
          "end": {
            "line": 4,
            "column": 23
          }
        },
        "loc": {
          "start": {
            "line": 4,
            "column": 26
          },
          "end": {
            "line": 16,
            "column": 1
          }
        },
        "line": 4
      }
    },
    "branchMap": {},
    "s": {
      "0": 6
    },
    "f": {
      "0": 6
    },
    "b": {},
    "_coverageSchema": "1a1c01bbd47fc00a2c39e90264f33305004495a9",
    "hash": "98baad19fbf2b3f0bec8c0f6b8efbaeb5b52af6d"
  },
  "/Users/Miranda/twelveLabs/Get-Inspiration-V2/src/Video.js": {
    "path": "/Users/Miranda/twelveLabs/Get-Inspiration-V2/src/Video.js",
    "statementMap": {
      "0": {
        "start": {
          "line": 13,
          "column": 2
        },
        "end": {
          "line": 23,
          "column": 4
        }
      }
    },
    "fnMap": {
      "0": {
        "name": "Video",
        "decl": {
          "start": {
            "line": 12,
            "column": 16
          },
          "end": {
            "line": 12,
            "column": 21
          }
        },
        "loc": {
          "start": {
            "line": 12,
            "column": 58
          },
          "end": {
            "line": 24,
            "column": 1
          }
        },
        "line": 12
      }
    },
    "branchMap": {
      "0": {
        "loc": {
          "start": {
            "line": 19,
            "column": 13
          },
          "end": {
            "line": 19,
            "column": 68
          }
        },
        "type": "cond-expr",
        "locations": [
          {
            "start": {
              "line": 19,
              "column": 28
            },
            "end": {
              "line": 19,
              "column": 62
            }
          },
          {
            "start": {
              "line": 19,
              "column": 65
            },
            "end": {
              "line": 19,
              "column": 68
            }
          }
        ],
        "line": 19
      },
      "1": {
        "loc": {
          "start": {
            "line": 19,
            "column": 13
          },
          "end": {
            "line": 19,
            "column": 25
          }
        },
        "type": "binary-expr",
        "locations": [
          {
            "start": {
              "line": 19,
              "column": 13
            },
            "end": {
              "line": 19,
              "column": 18
            }
          },
          {
            "start": {
              "line": 19,
              "column": 22
            },
            "end": {
              "line": 19,
              "column": 25
            }
          }
        ],
        "line": 19
      }
    },
    "s": {
      "0": 15
    },
    "f": {
      "0": 15
    },
    "b": {
      "0": [
        0,
        15
      ],
      "1": [
        15,
        15
      ]
    },
    "_coverageSchema": "1a1c01bbd47fc00a2c39e90264f33305004495a9",
    "hash": "55a31ea0a71e14a73a417ad5d5fab42613388f8f"
  },
  "/Users/Miranda/twelveLabs/Get-Inspiration-V2/src/InputForm.js": {
    "path": "/Users/Miranda/twelveLabs/Get-Inspiration-V2/src/InputForm.js",
    "statementMap": {
      "0": {
        "start": {
          "line": 25,
          "column": 22
        },
        "end": {
          "line": 25,
          "column": 38
        }
      },
      "1": {
        "start": {
          "line": 29,
          "column": 4
        },
        "end": {
          "line": 29,
          "column": 26
        }
      },
      "2": {
        "start": {
          "line": 31,
          "column": 4
        },
        "end": {
          "line": 52,
          "column": 5
        }
      },
      "3": {
        "start": {
          "line": 33,
          "column": 8
        },
        "end": {
          "line": 36,
          "column": 12
        }
      },
      "4": {
        "start": {
          "line": 33,
          "column": 40
        },
        "end": {
          "line": 36,
          "column": 9
        }
      },
      "5": {
        "start": {
          "line": 37,
          "column": 8
        },
        "end": {
          "line": 37,
          "column": 14
        }
      },
      "6": {
        "start": {
          "line": 39,
          "column": 8
        },
        "end": {
          "line": 42,
          "column": 12
        }
      },
      "7": {
        "start": {
          "line": 39,
          "column": 40
        },
        "end": {
          "line": 42,
          "column": 9
        }
      },
      "8": {
        "start": {
          "line": 43,
          "column": 8
        },
        "end": {
          "line": 43,
          "column": 14
        }
      },
      "9": {
        "start": {
          "line": 45,
          "column": 8
        },
        "end": {
          "line": 48,
          "column": 12
        }
      },
      "10": {
        "start": {
          "line": 45,
          "column": 40
        },
        "end": {
          "line": 48,
          "column": 9
        }
      },
      "11": {
        "start": {
          "line": 49,
          "column": 8
        },
        "end": {
          "line": 49,
          "column": 14
        }
      },
      "12": {
        "start": {
          "line": 51,
          "column": 8
        },
        "end": {
          "line": 51,
          "column": 14
        }
      },
      "13": {
        "start": {
          "line": 57,
          "column": 4
        },
        "end": {
          "line": 57,
          "column": 27
        }
      },
      "14": {
        "start": {
          "line": 59,
          "column": 4
        },
        "end": {
          "line": 61,
          "column": 5
        }
      },
      "15": {
        "start": {
          "line": 60,
          "column": 6
        },
        "end": {
          "line": 60,
          "column": 36
        }
      },
      "16": {
        "start": {
          "line": 62,
          "column": 4
        },
        "end": {
          "line": 64,
          "column": 5
        }
      },
      "17": {
        "start": {
          "line": 63,
          "column": 6
        },
        "end": {
          "line": 63,
          "column": 36
        }
      },
      "18": {
        "start": {
          "line": 65,
          "column": 4
        },
        "end": {
          "line": 67,
          "column": 5
        }
      },
      "19": {
        "start": {
          "line": 66,
          "column": 6
        },
        "end": {
          "line": 66,
          "column": 36
        }
      },
      "20": {
        "start": {
          "line": 69,
          "column": 4
        },
        "end": {
          "line": 69,
          "column": 25
        }
      },
      "21": {
        "start": {
          "line": 70,
          "column": 4
        },
        "end": {
          "line": 70,
          "column": 28
        }
      },
      "22": {
        "start": {
          "line": 72,
          "column": 4
        },
        "end": {
          "line": 78,
          "column": 7
        }
      },
      "23": {
        "start": {
          "line": 81,
          "column": 2
        },
        "end": {
          "line": 152,
          "column": 4
        }
      },
      "24": {
        "start": {
          "line": 94,
          "column": 30
        },
        "end": {
          "line": 94,
          "column": 49
        }
      },
      "25": {
        "start": {
          "line": 111,
          "column": 30
        },
        "end": {
          "line": 111,
          "column": 49
        }
      },
      "26": {
        "start": {
          "line": 128,
          "column": 30
        },
        "end": {
          "line": 128,
          "column": 49
        }
      }
    },
    "fnMap": {
      "0": {
        "name": "InputForm",
        "decl": {
          "start": {
            "line": 11,
            "column": 16
          },
          "end": {
            "line": 11,
            "column": 25
          }
        },
        "loc": {
          "start": {
            "line": 24,
            "column": 3
          },
          "end": {
            "line": 153,
            "column": 1
          }
        },
        "line": 24
      },
      "1": {
        "name": "handleCheck",
        "decl": {
          "start": {
            "line": 28,
            "column": 11
          },
          "end": {
            "line": 28,
            "column": 22
          }
        },
        "loc": {
          "start": {
            "line": 28,
            "column": 35
          },
          "end": {
            "line": 53,
            "column": 3
          }
        },
        "line": 28
      },
      "2": {
        "name": "(anonymous_2)",
        "decl": {
          "start": {
            "line": 33,
            "column": 24
          },
          "end": {
            "line": 33,
            "column": 25
          }
        },
        "loc": {
          "start": {
            "line": 33,
            "column": 40
          },
          "end": {
            "line": 36,
            "column": 9
          }
        },
        "line": 33
      },
      "3": {
        "name": "(anonymous_3)",
        "decl": {
          "start": {
            "line": 39,
            "column": 24
          },
          "end": {
            "line": 39,
            "column": 25
          }
        },
        "loc": {
          "start": {
            "line": 39,
            "column": 40
          },
          "end": {
            "line": 42,
            "column": 9
          }
        },
        "line": 39
      },
      "4": {
        "name": "(anonymous_4)",
        "decl": {
          "start": {
            "line": 45,
            "column": 24
          },
          "end": {
            "line": 45,
            "column": 25
          }
        },
        "loc": {
          "start": {
            "line": 45,
            "column": 40
          },
          "end": {
            "line": 48,
            "column": 9
          }
        },
        "line": 45
      },
      "5": {
        "name": "handleClick",
        "decl": {
          "start": {
            "line": 56,
            "column": 17
          },
          "end": {
            "line": 56,
            "column": 28
          }
        },
        "loc": {
          "start": {
            "line": 56,
            "column": 36
          },
          "end": {
            "line": 79,
            "column": 3
          }
        },
        "line": 56
      },
      "6": {
        "name": "(anonymous_6)",
        "decl": {
          "start": {
            "line": 94,
            "column": 24
          },
          "end": {
            "line": 94,
            "column": 25
          }
        },
        "loc": {
          "start": {
            "line": 94,
            "column": 30
          },
          "end": {
            "line": 94,
            "column": 49
          }
        },
        "line": 94
      },
      "7": {
        "name": "(anonymous_7)",
        "decl": {
          "start": {
            "line": 111,
            "column": 24
          },
          "end": {
            "line": 111,
            "column": 25
          }
        },
        "loc": {
          "start": {
            "line": 111,
            "column": 30
          },
          "end": {
            "line": 111,
            "column": 49
          }
        },
        "line": 111
      },
      "8": {
        "name": "(anonymous_8)",
        "decl": {
          "start": {
            "line": 128,
            "column": 24
          },
          "end": {
            "line": 128,
            "column": 25
          }
        },
        "loc": {
          "start": {
            "line": 128,
            "column": 30
          },
          "end": {
            "line": 128,
            "column": 49
          }
        },
        "line": 128
      }
    },
    "branchMap": {
      "0": {
        "loc": {
          "start": {
            "line": 31,
            "column": 4
          },
          "end": {
            "line": 52,
            "column": 5
          }
        },
        "type": "switch",
        "locations": [
          {
            "start": {
              "line": 32,
              "column": 6
            },
            "end": {
              "line": 37,
              "column": 14
            }
          },
          {
            "start": {
              "line": 38,
              "column": 6
            },
            "end": {
              "line": 43,
              "column": 14
            }
          },
          {
            "start": {
              "line": 44,
              "column": 6
            },
            "end": {
              "line": 49,
              "column": 14
            }
          },
          {
            "start": {
              "line": 50,
              "column": 6
            },
            "end": {
              "line": 51,
              "column": 14
            }
          }
        ],
        "line": 31
      },
      "1": {
        "loc": {
          "start": {
            "line": 59,
            "column": 4
          },
          "end": {
            "line": 61,
            "column": 5
          }
        },
        "type": "if",
        "locations": [
          {
            "start": {
              "line": 59,
              "column": 4
            },
            "end": {
              "line": 61,
              "column": 5
            }
          },
          {
            "start": {
              "line": 59,
              "column": 4
            },
            "end": {
              "line": 61,
              "column": 5
            }
          }
        ],
        "line": 59
      },
      "2": {
        "loc": {
          "start": {
            "line": 62,
            "column": 4
          },
          "end": {
            "line": 64,
            "column": 5
          }
        },
        "type": "if",
        "locations": [
          {
            "start": {
              "line": 62,
              "column": 4
            },
            "end": {
              "line": 64,
              "column": 5
            }
          },
          {
            "start": {
              "line": 62,
              "column": 4
            },
            "end": {
              "line": 64,
              "column": 5
            }
          }
        ],
        "line": 62
      },
      "3": {
        "loc": {
          "start": {
            "line": 65,
            "column": 4
          },
          "end": {
            "line": 67,
            "column": 5
          }
        },
        "type": "if",
        "locations": [
          {
            "start": {
              "line": 65,
              "column": 4
            },
            "end": {
              "line": 67,
              "column": 5
            }
          },
          {
            "start": {
              "line": 65,
              "column": 4
            },
            "end": {
              "line": 67,
              "column": 5
            }
          }
        ],
        "line": 65
      },
      "4": {
        "loc": {
          "start": {
            "line": 143,
            "column": 12
          },
          "end": {
            "line": 145,
            "column": 35
          }
        },
        "type": "binary-expr",
        "locations": [
          {
            "start": {
              "line": 143,
              "column": 12
            },
            "end": {
              "line": 143,
              "column": 35
            }
          },
          {
            "start": {
              "line": 144,
              "column": 12
            },
            "end": {
              "line": 144,
              "column": 35
            }
          },
          {
            "start": {
              "line": 145,
              "column": 12
            },
            "end": {
              "line": 145,
              "column": 35
            }
          }
        ],
        "line": 143
      }
    },
    "s": {
      "0": 15,
      "1": 0,
      "2": 0,
      "3": 0,
      "4": 0,
      "5": 0,
      "6": 0,
      "7": 0,
      "8": 0,
      "9": 0,
      "10": 0,
      "11": 0,
      "12": 0,
      "13": 0,
      "14": 0,
      "15": 0,
      "16": 0,
      "17": 0,
      "18": 0,
      "19": 0,
      "20": 0,
      "21": 0,
      "22": 0,
      "23": 15,
      "24": 0,
      "25": 0,
      "26": 0
    },
    "f": {
      "0": 15,
      "1": 0,
      "2": 0,
      "3": 0,
      "4": 0,
      "5": 0,
      "6": 0,
      "7": 0,
      "8": 0
    },
    "b": {
      "0": [
        0,
        0,
        0,
        0
      ],
      "1": [
        0,
        0
      ],
      "2": [
        0,
        0
      ],
      "3": [
        0,
        0
      ],
      "4": [
        15,
        0,
        0
      ]
    },
    "_coverageSchema": "1a1c01bbd47fc00a2c39e90264f33305004495a9",
    "hash": "9ff512755bd4ff4a01529b837212ddd5e5cae0f8"
  },
  "/Users/Miranda/twelveLabs/Get-Inspiration-V2/src/apiConfig.js": {
    "path": "/Users/Miranda/twelveLabs/Get-Inspiration-V2/src/apiConfig.js",
    "statementMap": {
      "0": {
        "start": {
          "line": 3,
          "column": 24
        },
        "end": {
          "line": 5,
          "column": 1
        }
      },
      "1": {
        "start": {
          "line": 7,
          "column": 18
        },
        "end": {
          "line": 20,
          "column": 1
        }
      }
    },
    "fnMap": {},
    "branchMap": {},
    "s": {
      "0": 3,
      "1": 3
    },
    "f": {},
    "b": {},
    "_coverageSchema": "1a1c01bbd47fc00a2c39e90264f33305004495a9",
    "hash": "43042d0a3e3c8035a7c89cff7a348ae64e5da7a2"
  },
  "/Users/Miranda/twelveLabs/Get-Inspiration-V2/src/apiHooks.js": {
    "path": "/Users/Miranda/twelveLabs/Get-Inspiration-V2/src/apiHooks.js",
    "statementMap": {
      "0": {
        "start": {
          "line": 12,
          "column": 2
        },
        "end": {
          "line": 18,
          "column": 5
        }
      },
      "1": {
        "start": {
          "line": 15,
          "column": 6
        },
        "end": {
          "line": 17,
          "column": 31
        }
      },
      "2": {
        "start": {
          "line": 17,
          "column": 22
        },
        "end": {
          "line": 17,
          "column": 30
        }
      },
      "3": {
        "start": {
          "line": 22,
          "column": 2
        },
        "end": {
          "line": 33,
          "column": 5
        }
      },
      "4": {
        "start": {
          "line": 25,
          "column": 23
        },
        "end": {
          "line": 27,
          "column": 7
        }
      },
      "5": {
        "start": {
          "line": 28,
          "column": 6
        },
        "end": {
          "line": 30,
          "column": 7
        }
      },
      "6": {
        "start": {
          "line": 29,
          "column": 8
        },
        "end": {
          "line": 29,
          "column": 46
        }
      },
      "7": {
        "start": {
          "line": 31,
          "column": 6
        },
        "end": {
          "line": 31,
          "column": 27
        }
      },
      "8": {
        "start": {
          "line": 37,
          "column": 22
        },
        "end": {
          "line": 37,
          "column": 38
        }
      },
      "9": {
        "start": {
          "line": 38,
          "column": 2
        },
        "end": {
          "line": 48,
          "column": 5
        }
      },
      "10": {
        "start": {
          "line": 40,
          "column": 6
        },
        "end": {
          "line": 42,
          "column": 7
        }
      },
      "11": {
        "start": {
          "line": 41,
          "column": 17
        },
        "end": {
          "line": 41,
          "column": 25
        }
      },
      "12": {
        "start": {
          "line": 44,
          "column": 6
        },
        "end": {
          "line": 44,
          "column": 31
        }
      },
      "13": {
        "start": {
          "line": 45,
          "column": 6
        },
        "end": {
          "line": 45,
          "column": 64
        }
      },
      "14": {
        "start": {
          "line": 52,
          "column": 2
        },
        "end": {
          "line": 61,
          "column": 5
        }
      },
      "15": {
        "start": {
          "line": 54,
          "column": 6
        },
        "end": {
          "line": 56,
          "column": 31
        }
      },
      "16": {
        "start": {
          "line": 56,
          "column": 22
        },
        "end": {
          "line": 56,
          "column": 30
        }
      },
      "17": {
        "start": {
          "line": 58,
          "column": 6
        },
        "end": {
          "line": 58,
          "column": 23
        }
      },
      "18": {
        "start": {
          "line": 65,
          "column": 2
        },
        "end": {
          "line": 80,
          "column": 5
        }
      },
      "19": {
        "start": {
          "line": 68,
          "column": 6
        },
        "end": {
          "line": 78,
          "column": 7
        }
      },
      "20": {
        "start": {
          "line": 69,
          "column": 25
        },
        "end": {
          "line": 74,
          "column": 9
        }
      },
      "21": {
        "start": {
          "line": 75,
          "column": 8
        },
        "end": {
          "line": 75,
          "column": 29
        }
      },
      "22": {
        "start": {
          "line": 77,
          "column": 8
        },
        "end": {
          "line": 77,
          "column": 44
        }
      },
      "23": {
        "start": {
          "line": 84,
          "column": 2
        },
        "end": {
          "line": 108,
          "column": 5
        }
      },
      "24": {
        "start": {
          "line": 87,
          "column": 6
        },
        "end": {
          "line": 102,
          "column": 7
        }
      },
      "25": {
        "start": {
          "line": 88,
          "column": 8
        },
        "end": {
          "line": 90,
          "column": 9
        }
      },
      "26": {
        "start": {
          "line": 89,
          "column": 10
        },
        "end": {
          "line": 89,
          "column": 22
        }
      },
      "27": {
        "start": {
          "line": 91,
          "column": 25
        },
        "end": {
          "line": 93,
          "column": 9
        }
      },
      "28": {
        "start": {
          "line": 95,
          "column": 8
        },
        "end": {
          "line": 97,
          "column": 9
        }
      },
      "29": {
        "start": {
          "line": 96,
          "column": 10
        },
        "end": {
          "line": 96,
          "column": 47
        }
      },
      "30": {
        "start": {
          "line": 99,
          "column": 8
        },
        "end": {
          "line": 99,
          "column": 29
        }
      },
      "31": {
        "start": {
          "line": 101,
          "column": 8
        },
        "end": {
          "line": 101,
          "column": 20
        }
      },
      "32": {
        "start": {
          "line": 106,
          "column": 6
        },
        "end": {
          "line": 106,
          "column": 54
        }
      },
      "33": {
        "start": {
          "line": 112,
          "column": 2
        },
        "end": {
          "line": 127,
          "column": 3
        }
      },
      "34": {
        "start": {
          "line": 113,
          "column": 21
        },
        "end": {
          "line": 122,
          "column": 6
        }
      },
      "35": {
        "start": {
          "line": 116,
          "column": 25
        },
        "end": {
          "line": 118,
          "column": 9
        }
      },
      "36": {
        "start": {
          "line": 119,
          "column": 25
        },
        "end": {
          "line": 119,
          "column": 38
        }
      },
      "37": {
        "start": {
          "line": 120,
          "column": 8
        },
        "end": {
          "line": 120,
          "column": 24
        }
      },
      "38": {
        "start": {
          "line": 123,
          "column": 4
        },
        "end": {
          "line": 123,
          "column": 20
        }
      },
      "39": {
        "start": {
          "line": 125,
          "column": 4
        },
        "end": {
          "line": 125,
          "column": 62
        }
      },
      "40": {
        "start": {
          "line": 126,
          "column": 4
        },
        "end": {
          "line": 126,
          "column": 16
        }
      },
      "41": {
        "start": {
          "line": 151,
          "column": 2
        },
        "end": {
          "line": 166,
          "column": 5
        }
      },
      "42": {
        "start": {
          "line": 154,
          "column": 6
        },
        "end": {
          "line": 156,
          "column": 7
        }
      },
      "43": {
        "start": {
          "line": 155,
          "column": 8
        },
        "end": {
          "line": 155,
          "column": 20
        }
      },
      "44": {
        "start": {
          "line": 158,
          "column": 23
        },
        "end": {
          "line": 161,
          "column": 7
        }
      },
      "45": {
        "start": {
          "line": 162,
          "column": 23
        },
        "end": {
          "line": 162,
          "column": 36
        }
      },
      "46": {
        "start": {
          "line": 163,
          "column": 6
        },
        "end": {
          "line": 163,
          "column": 22
        }
      },
      "47": {
        "start": {
          "line": 170,
          "column": 2
        },
        "end": {
          "line": 185,
          "column": 5
        }
      },
      "48": {
        "start": {
          "line": 173,
          "column": 6
        },
        "end": {
          "line": 175,
          "column": 7
        }
      },
      "49": {
        "start": {
          "line": 174,
          "column": 8
        },
        "end": {
          "line": 174,
          "column": 20
        }
      },
      "50": {
        "start": {
          "line": 177,
          "column": 23
        },
        "end": {
          "line": 180,
          "column": 7
        }
      },
      "51": {
        "start": {
          "line": 181,
          "column": 23
        },
        "end": {
          "line": 181,
          "column": 36
        }
      },
      "52": {
        "start": {
          "line": 182,
          "column": 6
        },
        "end": {
          "line": 182,
          "column": 22
        }
      },
      "53": {
        "start": {
          "line": 189,
          "column": 2
        },
        "end": {
          "line": 204,
          "column": 5
        }
      },
      "54": {
        "start": {
          "line": 192,
          "column": 6
        },
        "end": {
          "line": 194,
          "column": 7
        }
      },
      "55": {
        "start": {
          "line": 193,
          "column": 8
        },
        "end": {
          "line": 193,
          "column": 20
        }
      },
      "56": {
        "start": {
          "line": 196,
          "column": 23
        },
        "end": {
          "line": 199,
          "column": 7
        }
      },
      "57": {
        "start": {
          "line": 200,
          "column": 23
        },
        "end": {
          "line": 200,
          "column": 36
        }
      },
      "58": {
        "start": {
          "line": 201,
          "column": 6
        },
        "end": {
          "line": 201,
          "column": 22
        }
      },
      "59": {
        "start": {
          "line": 208,
          "column": 2
        },
        "end": {
          "line": 214,
          "column": 5
        }
      },
      "60": {
        "start": {
          "line": 211,
          "column": 6
        },
        "end": {
          "line": 213,
          "column": 7
        }
      },
      "61": {
        "start": {
          "line": 212,
          "column": 17
        },
        "end": {
          "line": 212,
          "column": 25
        }
      },
      "62": {
        "start": {
          "line": 218,
          "column": 2
        },
        "end": {
          "line": 225,
          "column": 5
        }
      },
      "63": {
        "start": {
          "line": 221,
          "column": 6
        },
        "end": {
          "line": 224,
          "column": 32
        }
      },
      "64": {
        "start": {
          "line": 224,
          "column": 23
        },
        "end": {
          "line": 224,
          "column": 31
        }
      },
      "65": {
        "start": {
          "line": 229,
          "column": 2
        },
        "end": {
          "line": 259,
          "column": 5
        }
      },
      "66": {
        "start": {
          "line": 232,
          "column": 6
        },
        "end": {
          "line": 254,
          "column": 7
        }
      },
      "67": {
        "start": {
          "line": 234,
          "column": 29
        },
        "end": {
          "line": 234,
          "column": 37
        }
      },
      "68": {
        "start": {
          "line": 237,
          "column": 33
        },
        "end": {
          "line": 242,
          "column": 12
        }
      },
      "69": {
        "start": {
          "line": 238,
          "column": 34
        },
        "end": {
          "line": 240,
          "column": 13
        }
      },
      "70": {
        "start": {
          "line": 241,
          "column": 12
        },
        "end": {
          "line": 241,
          "column": 38
        }
      },
      "71": {
        "start": {
          "line": 245,
          "column": 25
        },
        "end": {
          "line": 245,
          "column": 58
        }
      },
      "72": {
        "start": {
          "line": 248,
          "column": 39
        },
        "end": {
          "line": 251,
          "column": 11
        }
      },
      "73": {
        "start": {
          "line": 252,
          "column": 10
        },
        "end": {
          "line": 252,
          "column": 38
        }
      },
      "74": {
        "start": {
          "line": 256,
          "column": 28
        },
        "end": {
          "line": 256,
          "column": 75
        }
      },
      "75": {
        "start": {
          "line": 257,
          "column": 6
        },
        "end": {
          "line": 257,
          "column": 35
        }
      },
      "76": {
        "start": {
          "line": 263,
          "column": 2
        },
        "end": {
          "line": 275,
          "column": 5
        }
      },
      "77": {
        "start": {
          "line": 266,
          "column": 6
        },
        "end": {
          "line": 268,
          "column": 7
        }
      },
      "78": {
        "start": {
          "line": 267,
          "column": 17
        },
        "end": {
          "line": 267,
          "column": 25
        }
      },
      "79": {
        "start": {
          "line": 270,
          "column": 6
        },
        "end": {
          "line": 272,
          "column": 15
        }
      },
      "80": {
        "start": {
          "line": 283,
          "column": 6
        },
        "end": {
          "line": 283,
          "column": 36
        }
      },
      "81": {
        "start": {
          "line": 284,
          "column": 31
        },
        "end": {
          "line": 284,
          "column": 59
        }
      },
      "82": {
        "start": {
          "line": 286,
          "column": 23
        },
        "end": {
          "line": 294,
          "column": 4
        }
      },
      "83": {
        "start": {
          "line": 287,
          "column": 57
        },
        "end": {
          "line": 293,
          "column": 5
        }
      },
      "84": {
        "start": {
          "line": 290,
          "column": 8
        },
        "end": {
          "line": 292,
          "column": 33
        }
      },
      "85": {
        "start": {
          "line": 292,
          "column": 24
        },
        "end": {
          "line": 292,
          "column": 32
        }
      },
      "86": {
        "start": {
          "line": 295,
          "column": 36
        },
        "end": {
          "line": 295,
          "column": 72
        }
      },
      "87": {
        "start": {
          "line": 295,
          "column": 67
        },
        "end": {
          "line": 295,
          "column": 71
        }
      },
      "88": {
        "start": {
          "line": 296,
          "column": 2
        },
        "end": {
          "line": 302,
          "column": 4
        }
      },
      "89": {
        "start": {
          "line": 306,
          "column": 2
        },
        "end": {
          "line": 321,
          "column": 3
        }
      },
      "90": {
        "start": {
          "line": 307,
          "column": 21
        },
        "end": {
          "line": 316,
          "column": 6
        }
      },
      "91": {
        "start": {
          "line": 310,
          "column": 25
        },
        "end": {
          "line": 312,
          "column": 9
        }
      },
      "92": {
        "start": {
          "line": 313,
          "column": 21
        },
        "end": {
          "line": 313,
          "column": 34
        }
      },
      "93": {
        "start": {
          "line": 314,
          "column": 8
        },
        "end": {
          "line": 314,
          "column": 20
        }
      },
      "94": {
        "start": {
          "line": 317,
          "column": 4
        },
        "end": {
          "line": 317,
          "column": 20
        }
      },
      "95": {
        "start": {
          "line": 319,
          "column": 4
        },
        "end": {
          "line": 319,
          "column": 72
        }
      },
      "96": {
        "start": {
          "line": 320,
          "column": 4
        },
        "end": {
          "line": 320,
          "column": 16
        }
      },
      "97": {
        "start": {
          "line": 329,
          "column": 2
        },
        "end": {
          "line": 344,
          "column": 3
        }
      },
      "98": {
        "start": {
          "line": 330,
          "column": 21
        },
        "end": {
          "line": 339,
          "column": 6
        }
      },
      "99": {
        "start": {
          "line": 333,
          "column": 25
        },
        "end": {
          "line": 335,
          "column": 9
        }
      },
      "100": {
        "start": {
          "line": 336,
          "column": 21
        },
        "end": {
          "line": 336,
          "column": 34
        }
      },
      "101": {
        "start": {
          "line": 337,
          "column": 8
        },
        "end": {
          "line": 337,
          "column": 20
        }
      },
      "102": {
        "start": {
          "line": 340,
          "column": 4
        },
        "end": {
          "line": 340,
          "column": 20
        }
      },
      "103": {
        "start": {
          "line": 342,
          "column": 4
        },
        "end": {
          "line": 342,
          "column": 72
        }
      },
      "104": {
        "start": {
          "line": 343,
          "column": 4
        },
        "end": {
          "line": 343,
          "column": 16
        }
      }
    },
    "fnMap": {
      "0": {
        "name": "useGetIndexes",
        "decl": {
          "start": {
            "line": 11,
            "column": 16
          },
          "end": {
            "line": 11,
            "column": 29
          }
        },
        "loc": {
          "start": {
            "line": 11,
            "column": 47
          },
          "end": {
            "line": 19,
            "column": 1
          }
        },
        "line": 11
      },
      "1": {
        "name": "(anonymous_1)",
        "decl": {
          "start": {
            "line": 14,
            "column": 13
          },
          "end": {
            "line": 14,
            "column": 14
          }
        },
        "loc": {
          "start": {
            "line": 15,
            "column": 6
          },
          "end": {
            "line": 17,
            "column": 31
          }
        },
        "line": 15
      },
      "2": {
        "name": "(anonymous_2)",
        "decl": {
          "start": {
            "line": 17,
            "column": 13
          },
          "end": {
            "line": 17,
            "column": 14
          }
        },
        "loc": {
          "start": {
            "line": 17,
            "column": 22
          },
          "end": {
            "line": 17,
            "column": 30
          }
        },
        "line": 17
      },
      "3": {
        "name": "useGetIndex",
        "decl": {
          "start": {
            "line": 21,
            "column": 16
          },
          "end": {
            "line": 21,
            "column": 27
          }
        },
        "loc": {
          "start": {
            "line": 21,
            "column": 37
          },
          "end": {
            "line": 34,
            "column": 1
          }
        },
        "line": 21
      },
      "4": {
        "name": "(anonymous_4)",
        "decl": {
          "start": {
            "line": 24,
            "column": 13
          },
          "end": {
            "line": 24,
            "column": 14
          }
        },
        "loc": {
          "start": {
            "line": 24,
            "column": 25
          },
          "end": {
            "line": 32,
            "column": 5
          }
        },
        "line": 24
      },
      "5": {
        "name": "useCreateIndex",
        "decl": {
          "start": {
            "line": 36,
            "column": 16
          },
          "end": {
            "line": 36,
            "column": 30
          }
        },
        "loc": {
          "start": {
            "line": 36,
            "column": 43
          },
          "end": {
            "line": 49,
            "column": 1
          }
        },
        "line": 36
      },
      "6": {
        "name": "(anonymous_6)",
        "decl": {
          "start": {
            "line": 39,
            "column": 16
          },
          "end": {
            "line": 39,
            "column": 17
          }
        },
        "loc": {
          "start": {
            "line": 40,
            "column": 6
          },
          "end": {
            "line": 42,
            "column": 7
          }
        },
        "line": 40
      },
      "7": {
        "name": "(anonymous_7)",
        "decl": {
          "start": {
            "line": 41,
            "column": 8
          },
          "end": {
            "line": 41,
            "column": 9
          }
        },
        "loc": {
          "start": {
            "line": 41,
            "column": 17
          },
          "end": {
            "line": 41,
            "column": 25
          }
        },
        "line": 41
      },
      "8": {
        "name": "(anonymous_8)",
        "decl": {
          "start": {
            "line": 43,
            "column": 15
          },
          "end": {
            "line": 43,
            "column": 16
          }
        },
        "loc": {
          "start": {
            "line": 43,
            "column": 29
          },
          "end": {
            "line": 46,
            "column": 5
          }
        },
        "line": 43
      },
      "9": {
        "name": "useDeleteIndex",
        "decl": {
          "start": {
            "line": 51,
            "column": 16
          },
          "end": {
            "line": 51,
            "column": 30
          }
        },
        "loc": {
          "start": {
            "line": 51,
            "column": 43
          },
          "end": {
            "line": 62,
            "column": 1
          }
        },
        "line": 51
      },
      "10": {
        "name": "(anonymous_10)",
        "decl": {
          "start": {
            "line": 53,
            "column": 16
          },
          "end": {
            "line": 53,
            "column": 17
          }
        },
        "loc": {
          "start": {
            "line": 54,
            "column": 6
          },
          "end": {
            "line": 56,
            "column": 31
          }
        },
        "line": 54
      },
      "11": {
        "name": "(anonymous_11)",
        "decl": {
          "start": {
            "line": 56,
            "column": 13
          },
          "end": {
            "line": 56,
            "column": 14
          }
        },
        "loc": {
          "start": {
            "line": 56,
            "column": 22
          },
          "end": {
            "line": 56,
            "column": 30
          }
        },
        "line": 56
      },
      "12": {
        "name": "(anonymous_12)",
        "decl": {
          "start": {
            "line": 57,
            "column": 15
          },
          "end": {
            "line": 57,
            "column": 16
          }
        },
        "loc": {
          "start": {
            "line": 57,
            "column": 21
          },
          "end": {
            "line": 59,
            "column": 5
          }
        },
        "line": 57
      },
      "13": {
        "name": "useGetVideos",
        "decl": {
          "start": {
            "line": 64,
            "column": 16
          },
          "end": {
            "line": 64,
            "column": 28
          }
        },
        "loc": {
          "start": {
            "line": 64,
            "column": 38
          },
          "end": {
            "line": 81,
            "column": 1
          }
        },
        "line": 64
      },
      "14": {
        "name": "(anonymous_14)",
        "decl": {
          "start": {
            "line": 67,
            "column": 13
          },
          "end": {
            "line": 67,
            "column": 14
          }
        },
        "loc": {
          "start": {
            "line": 67,
            "column": 25
          },
          "end": {
            "line": 79,
            "column": 5
          }
        },
        "line": 67
      },
      "15": {
        "name": "useGetVideo",
        "decl": {
          "start": {
            "line": 83,
            "column": 16
          },
          "end": {
            "line": 83,
            "column": 27
          }
        },
        "loc": {
          "start": {
            "line": 83,
            "column": 55
          },
          "end": {
            "line": 109,
            "column": 1
          }
        },
        "line": 83
      },
      "16": {
        "name": "(anonymous_16)",
        "decl": {
          "start": {
            "line": 86,
            "column": 13
          },
          "end": {
            "line": 86,
            "column": 14
          }
        },
        "loc": {
          "start": {
            "line": 86,
            "column": 25
          },
          "end": {
            "line": 103,
            "column": 5
          }
        },
        "line": 86
      },
      "17": {
        "name": "(anonymous_17)",
        "decl": {
          "start": {
            "line": 105,
            "column": 13
          },
          "end": {
            "line": 105,
            "column": 14
          }
        },
        "loc": {
          "start": {
            "line": 105,
            "column": 24
          },
          "end": {
            "line": 107,
            "column": 5
          }
        },
        "line": 105
      },
      "18": {
        "name": "fetchVideoInfo",
        "decl": {
          "start": {
            "line": 111,
            "column": 22
          },
          "end": {
            "line": 111,
            "column": 36
          }
        },
        "loc": {
          "start": {
            "line": 111,
            "column": 55
          },
          "end": {
            "line": 128,
            "column": 1
          }
        },
        "line": 111
      },
      "19": {
        "name": "(anonymous_19)",
        "decl": {
          "start": {
            "line": 115,
            "column": 15
          },
          "end": {
            "line": 115,
            "column": 16
          }
        },
        "loc": {
          "start": {
            "line": 115,
            "column": 27
          },
          "end": {
            "line": 121,
            "column": 7
          }
        },
        "line": 115
      },
      "20": {
        "name": "useGenerateSummary",
        "decl": {
          "start": {
            "line": 150,
            "column": 16
          },
          "end": {
            "line": 150,
            "column": 34
          }
        },
        "loc": {
          "start": {
            "line": 150,
            "column": 59
          },
          "end": {
            "line": 167,
            "column": 1
          }
        },
        "line": 150
      },
      "21": {
        "name": "(anonymous_21)",
        "decl": {
          "start": {
            "line": 153,
            "column": 13
          },
          "end": {
            "line": 153,
            "column": 14
          }
        },
        "loc": {
          "start": {
            "line": 153,
            "column": 25
          },
          "end": {
            "line": 164,
            "column": 5
          }
        },
        "line": 153
      },
      "22": {
        "name": "useGenerateChapters",
        "decl": {
          "start": {
            "line": 169,
            "column": 16
          },
          "end": {
            "line": 169,
            "column": 35
          }
        },
        "loc": {
          "start": {
            "line": 169,
            "column": 60
          },
          "end": {
            "line": 186,
            "column": 1
          }
        },
        "line": 169
      },
      "23": {
        "name": "(anonymous_23)",
        "decl": {
          "start": {
            "line": 172,
            "column": 13
          },
          "end": {
            "line": 172,
            "column": 14
          }
        },
        "loc": {
          "start": {
            "line": 172,
            "column": 25
          },
          "end": {
            "line": 183,
            "column": 5
          }
        },
        "line": 172
      },
      "24": {
        "name": "useGenerateHighlights",
        "decl": {
          "start": {
            "line": 188,
            "column": 16
          },
          "end": {
            "line": 188,
            "column": 37
          }
        },
        "loc": {
          "start": {
            "line": 188,
            "column": 62
          },
          "end": {
            "line": 205,
            "column": 1
          }
        },
        "line": 188
      },
      "25": {
        "name": "(anonymous_25)",
        "decl": {
          "start": {
            "line": 191,
            "column": 13
          },
          "end": {
            "line": 191,
            "column": 14
          }
        },
        "loc": {
          "start": {
            "line": 191,
            "column": 25
          },
          "end": {
            "line": 202,
            "column": 5
          }
        },
        "line": 191
      },
      "26": {
        "name": "useGetAllAuthors",
        "decl": {
          "start": {
            "line": 207,
            "column": 16
          },
          "end": {
            "line": 207,
            "column": 32
          }
        },
        "loc": {
          "start": {
            "line": 207,
            "column": 42
          },
          "end": {
            "line": 215,
            "column": 1
          }
        },
        "line": 207
      },
      "27": {
        "name": "(anonymous_27)",
        "decl": {
          "start": {
            "line": 210,
            "column": 13
          },
          "end": {
            "line": 210,
            "column": 14
          }
        },
        "loc": {
          "start": {
            "line": 211,
            "column": 6
          },
          "end": {
            "line": 213,
            "column": 7
          }
        },
        "line": 211
      },
      "28": {
        "name": "(anonymous_28)",
        "decl": {
          "start": {
            "line": 212,
            "column": 8
          },
          "end": {
            "line": 212,
            "column": 9
          }
        },
        "loc": {
          "start": {
            "line": 212,
            "column": 17
          },
          "end": {
            "line": 212,
            "column": 25
          }
        },
        "line": 212
      },
      "29": {
        "name": "useSearchVideo",
        "decl": {
          "start": {
            "line": 217,
            "column": 16
          },
          "end": {
            "line": 217,
            "column": 30
          }
        },
        "loc": {
          "start": {
            "line": 217,
            "column": 47
          },
          "end": {
            "line": 226,
            "column": 1
          }
        },
        "line": 217
      },
      "30": {
        "name": "(anonymous_30)",
        "decl": {
          "start": {
            "line": 220,
            "column": 13
          },
          "end": {
            "line": 220,
            "column": 14
          }
        },
        "loc": {
          "start": {
            "line": 221,
            "column": 6
          },
          "end": {
            "line": 224,
            "column": 32
          }
        },
        "line": 221
      },
      "31": {
        "name": "(anonymous_31)",
        "decl": {
          "start": {
            "line": 224,
            "column": 14
          },
          "end": {
            "line": 224,
            "column": 15
          }
        },
        "loc": {
          "start": {
            "line": 224,
            "column": 23
          },
          "end": {
            "line": 224,
            "column": 31
          }
        },
        "line": 224
      },
      "32": {
        "name": "useGetSearchResults",
        "decl": {
          "start": {
            "line": 228,
            "column": 16
          },
          "end": {
            "line": 228,
            "column": 35
          }
        },
        "loc": {
          "start": {
            "line": 228,
            "column": 56
          },
          "end": {
            "line": 260,
            "column": 1
          }
        },
        "line": 228
      },
      "33": {
        "name": "(anonymous_33)",
        "decl": {
          "start": {
            "line": 231,
            "column": 13
          },
          "end": {
            "line": 231,
            "column": 14
          }
        },
        "loc": {
          "start": {
            "line": 232,
            "column": 6
          },
          "end": {
            "line": 254,
            "column": 7
          }
        },
        "line": 232
      },
      "34": {
        "name": "(anonymous_34)",
        "decl": {
          "start": {
            "line": 233,
            "column": 8
          },
          "end": {
            "line": 233,
            "column": 9
          }
        },
        "loc": {
          "start": {
            "line": 233,
            "column": 23
          },
          "end": {
            "line": 253,
            "column": 9
          }
        },
        "line": 233
      },
      "35": {
        "name": "(anonymous_35)",
        "decl": {
          "start": {
            "line": 237,
            "column": 53
          },
          "end": {
            "line": 237,
            "column": 54
          }
        },
        "loc": {
          "start": {
            "line": 237,
            "column": 77
          },
          "end": {
            "line": 242,
            "column": 11
          }
        },
        "line": 237
      },
      "36": {
        "name": "(anonymous_36)",
        "decl": {
          "start": {
            "line": 255,
            "column": 22
          },
          "end": {
            "line": 255,
            "column": 23
          }
        },
        "loc": {
          "start": {
            "line": 255,
            "column": 36
          },
          "end": {
            "line": 258,
            "column": 5
          }
        },
        "line": 255
      },
      "37": {
        "name": "useGetTask",
        "decl": {
          "start": {
            "line": 262,
            "column": 16
          },
          "end": {
            "line": 262,
            "column": 26
          }
        },
        "loc": {
          "start": {
            "line": 262,
            "column": 35
          },
          "end": {
            "line": 276,
            "column": 1
          }
        },
        "line": 262
      },
      "38": {
        "name": "(anonymous_38)",
        "decl": {
          "start": {
            "line": 265,
            "column": 13
          },
          "end": {
            "line": 265,
            "column": 14
          }
        },
        "loc": {
          "start": {
            "line": 266,
            "column": 6
          },
          "end": {
            "line": 268,
            "column": 7
          }
        },
        "line": 266
      },
      "39": {
        "name": "(anonymous_39)",
        "decl": {
          "start": {
            "line": 267,
            "column": 8
          },
          "end": {
            "line": 267,
            "column": 9
          }
        },
        "loc": {
          "start": {
            "line": 267,
            "column": 17
          },
          "end": {
            "line": 267,
            "column": 25
          }
        },
        "line": 267
      },
      "40": {
        "name": "(anonymous_40)",
        "decl": {
          "start": {
            "line": 269,
            "column": 21
          },
          "end": {
            "line": 269,
            "column": 22
          }
        },
        "loc": {
          "start": {
            "line": 269,
            "column": 31
          },
          "end": {
            "line": 273,
            "column": 5
          }
        },
        "line": 269
      },
      "41": {
        "name": "useGetVideosOfSearchResults",
        "decl": {
          "start": {
            "line": 278,
            "column": 16
          },
          "end": {
            "line": 278,
            "column": 43
          }
        },
        "loc": {
          "start": {
            "line": 278,
            "column": 60
          },
          "end": {
            "line": 303,
            "column": 1
          }
        },
        "line": 278
      },
      "42": {
        "name": "(anonymous_42)",
        "decl": {
          "start": {
            "line": 287,
            "column": 38
          },
          "end": {
            "line": 287,
            "column": 39
          }
        },
        "loc": {
          "start": {
            "line": 287,
            "column": 57
          },
          "end": {
            "line": 293,
            "column": 5
          }
        },
        "line": 287
      },
      "43": {
        "name": "(anonymous_43)",
        "decl": {
          "start": {
            "line": 289,
            "column": 15
          },
          "end": {
            "line": 289,
            "column": 16
          }
        },
        "loc": {
          "start": {
            "line": 290,
            "column": 8
          },
          "end": {
            "line": 292,
            "column": 33
          }
        },
        "line": 290
      },
      "44": {
        "name": "(anonymous_44)",
        "decl": {
          "start": {
            "line": 292,
            "column": 15
          },
          "end": {
            "line": 292,
            "column": 16
          }
        },
        "loc": {
          "start": {
            "line": 292,
            "column": 24
          },
          "end": {
            "line": 292,
            "column": 32
          }
        },
        "line": 292
      },
      "45": {
        "name": "(anonymous_45)",
        "decl": {
          "start": {
            "line": 295,
            "column": 53
          },
          "end": {
            "line": 295,
            "column": 54
          }
        },
        "loc": {
          "start": {
            "line": 295,
            "column": 67
          },
          "end": {
            "line": 295,
            "column": 71
          }
        },
        "line": 295
      },
      "46": {
        "name": "fetchNextPageSearchResults",
        "decl": {
          "start": {
            "line": 305,
            "column": 22
          },
          "end": {
            "line": 305,
            "column": 48
          }
        },
        "loc": {
          "start": {
            "line": 305,
            "column": 77
          },
          "end": {
            "line": 322,
            "column": 1
          }
        },
        "line": 305
      },
      "47": {
        "name": "(anonymous_47)",
        "decl": {
          "start": {
            "line": 309,
            "column": 15
          },
          "end": {
            "line": 309,
            "column": 16
          }
        },
        "loc": {
          "start": {
            "line": 309,
            "column": 27
          },
          "end": {
            "line": 315,
            "column": 7
          }
        },
        "line": 309
      },
      "48": {
        "name": "fetchNextPageSearchResultVideos",
        "decl": {
          "start": {
            "line": 324,
            "column": 22
          },
          "end": {
            "line": 324,
            "column": 53
          }
        },
        "loc": {
          "start": {
            "line": 328,
            "column": 2
          },
          "end": {
            "line": 345,
            "column": 1
          }
        },
        "line": 328
      },
      "49": {
        "name": "(anonymous_49)",
        "decl": {
          "start": {
            "line": 332,
            "column": 15
          },
          "end": {
            "line": 332,
            "column": 16
          }
        },
        "loc": {
          "start": {
            "line": 332,
            "column": 27
          },
          "end": {
            "line": 338,
            "column": 7
          }
        },
        "line": 332
      }
    },
    "branchMap": {
      "0": {
        "loc": {
          "start": {
            "line": 28,
            "column": 6
          },
          "end": {
            "line": 30,
            "column": 7
          }
        },
        "type": "if",
        "locations": [
          {
            "start": {
              "line": 28,
              "column": 6
            },
            "end": {
              "line": 30,
              "column": 7
            }
          },
          {
            "start": {
              "line": 28,
              "column": 6
            },
            "end": {
              "line": 30,
              "column": 7
            }
          }
        ],
        "line": 28
      },
      "1": {
        "loc": {
          "start": {
            "line": 77,
            "column": 14
          },
          "end": {
            "line": 77,
            "column": 43
          }
        },
        "type": "binary-expr",
        "locations": [
          {
            "start": {
              "line": 77,
              "column": 14
            },
            "end": {
              "line": 77,
              "column": 34
            }
          },
          {
            "start": {
              "line": 77,
              "column": 38
            },
            "end": {
              "line": 77,
              "column": 43
            }
          }
        ],
        "line": 77
      },
      "2": {
        "loc": {
          "start": {
            "line": 88,
            "column": 8
          },
          "end": {
            "line": 90,
            "column": 9
          }
        },
        "type": "if",
        "locations": [
          {
            "start": {
              "line": 88,
              "column": 8
            },
            "end": {
              "line": 90,
              "column": 9
            }
          },
          {
            "start": {
              "line": 88,
              "column": 8
            },
            "end": {
              "line": 90,
              "column": 9
            }
          }
        ],
        "line": 88
      },
      "3": {
        "loc": {
          "start": {
            "line": 95,
            "column": 8
          },
          "end": {
            "line": 97,
            "column": 9
          }
        },
        "type": "if",
        "locations": [
          {
            "start": {
              "line": 95,
              "column": 8
            },
            "end": {
              "line": 97,
              "column": 9
            }
          },
          {
            "start": {
              "line": 95,
              "column": 8
            },
            "end": {
              "line": 97,
              "column": 9
            }
          }
        ],
        "line": 95
      },
      "4": {
        "loc": {
          "start": {
            "line": 154,
            "column": 6
          },
          "end": {
            "line": 156,
            "column": 7
          }
        },
        "type": "if",
        "locations": [
          {
            "start": {
              "line": 154,
              "column": 6
            },
            "end": {
              "line": 156,
              "column": 7
            }
          },
          {
            "start": {
              "line": 154,
              "column": 6
            },
            "end": {
              "line": 156,
              "column": 7
            }
          }
        ],
        "line": 154
      },
      "5": {
        "loc": {
          "start": {
            "line": 173,
            "column": 6
          },
          "end": {
            "line": 175,
            "column": 7
          }
        },
        "type": "if",
        "locations": [
          {
            "start": {
              "line": 173,
              "column": 6
            },
            "end": {
              "line": 175,
              "column": 7
            }
          },
          {
            "start": {
              "line": 173,
              "column": 6
            },
            "end": {
              "line": 175,
              "column": 7
            }
          }
        ],
        "line": 173
      },
      "6": {
        "loc": {
          "start": {
            "line": 192,
            "column": 6
          },
          "end": {
            "line": 194,
            "column": 7
          }
        },
        "type": "if",
        "locations": [
          {
            "start": {
              "line": 192,
              "column": 6
            },
            "end": {
              "line": 194,
              "column": 7
            }
          },
          {
            "start": {
              "line": 192,
              "column": 6
            },
            "end": {
              "line": 194,
              "column": 7
            }
          }
        ],
        "line": 192
      },
      "7": {
        "loc": {
          "start": {
            "line": 256,
            "column": 28
          },
          "end": {
            "line": 256,
            "column": 75
          }
        },
        "type": "binary-expr",
        "locations": [
          {
            "start": {
              "line": 256,
              "column": 28
            },
            "end": {
              "line": 256,
              "column": 62
            }
          },
          {
            "start": {
              "line": 256,
              "column": 66
            },
            "end": {
              "line": 256,
              "column": 75
            }
          }
        ],
        "line": 256
      },
      "8": {
        "loc": {
          "start": {
            "line": 257,
            "column": 13
          },
          "end": {
            "line": 257,
            "column": 34
          }
        },
        "type": "binary-expr",
        "locations": [
          {
            "start": {
              "line": 257,
              "column": 13
            },
            "end": {
              "line": 257,
              "column": 26
            }
          },
          {
            "start": {
              "line": 257,
              "column": 30
            },
            "end": {
              "line": 257,
              "column": 34
            }
          }
        ],
        "line": 257
      },
      "9": {
        "loc": {
          "start": {
            "line": 270,
            "column": 13
          },
          "end": {
            "line": 272,
            "column": 14
          }
        },
        "type": "cond-expr",
        "locations": [
          {
            "start": {
              "line": 271,
              "column": 10
            },
            "end": {
              "line": 271,
              "column": 15
            }
          },
          {
            "start": {
              "line": 272,
              "column": 10
            },
            "end": {
              "line": 272,
              "column": 14
            }
          }
        ],
        "line": 270
      },
      "10": {
        "loc": {
          "start": {
            "line": 270,
            "column": 13
          },
          "end": {
            "line": 270,
            "column": 66
          }
        },
        "type": "binary-expr",
        "locations": [
          {
            "start": {
              "line": 270,
              "column": 13
            },
            "end": {
              "line": 270,
              "column": 37
            }
          },
          {
            "start": {
              "line": 270,
              "column": 41
            },
            "end": {
              "line": 270,
              "column": 66
            }
          }
        ],
        "line": 270
      },
      "11": {
        "loc": {
          "start": {
            "line": 284,
            "column": 31
          },
          "end": {
            "line": 284,
            "column": 59
          }
        },
        "type": "binary-expr",
        "locations": [
          {
            "start": {
              "line": 284,
              "column": 31
            },
            "end": {
              "line": 284,
              "column": 53
            }
          },
          {
            "start": {
              "line": 284,
              "column": 57
            },
            "end": {
              "line": 284,
              "column": 59
            }
          }
        ],
        "line": 284
      }
    },
    "s": {
      "0": 0,
      "1": 0,
      "2": 0,
      "3": 0,
      "4": 0,
      "5": 0,
      "6": 0,
      "7": 0,
      "8": 0,
      "9": 0,
      "10": 0,
      "11": 0,
      "12": 0,
      "13": 0,
      "14": 0,
      "15": 0,
      "16": 0,
      "17": 0,
      "18": 6,
      "19": 9,
      "20": 9,
      "21": 4,
      "22": 0,
      "23": 18,
      "24": 9,
      "25": 9,
      "26": 0,
      "27": 9,
      "28": 3,
      "29": 0,
      "30": 3,
      "31": 0,
      "32": 0,
      "33": 0,
      "34": 0,
      "35": 0,
      "36": 0,
      "37": 0,
      "38": 0,
      "39": 0,
      "40": 0,
      "41": 15,
      "42": 3,
      "43": 3,
      "44": 0,
      "45": 0,
      "46": 0,
      "47": 12,
      "48": 3,
      "49": 3,
      "50": 0,
      "51": 0,
      "52": 0,
      "53": 9,
      "54": 3,
      "55": 3,
      "56": 0,
      "57": 0,
      "58": 0,
      "59": 0,
      "60": 0,
      "61": 0,
      "62": 0,
      "63": 0,
      "64": 0,
      "65": 0,
      "66": 0,
      "67": 0,
      "68": 0,
      "69": 0,
      "70": 0,
      "71": 0,
      "72": 0,
      "73": 0,
      "74": 0,
      "75": 0,
      "76": 0,
      "77": 0,
      "78": 0,
      "79": 0,
      "80": 0,
      "81": 0,
      "82": 0,
      "83": 0,
      "84": 0,
      "85": 0,
      "86": 0,
      "87": 0,
      "88": 0,
      "89": 0,
      "90": 0,
      "91": 0,
      "92": 0,
      "93": 0,
      "94": 0,
      "95": 0,
      "96": 0,
      "97": 0,
      "98": 0,
      "99": 0,
      "100": 0,
      "101": 0,
      "102": 0,
      "103": 0,
      "104": 0
    },
    "f": {
      "0": 0,
      "1": 0,
      "2": 0,
      "3": 0,
      "4": 0,
      "5": 0,
      "6": 0,
      "7": 0,
      "8": 0,
      "9": 0,
      "10": 0,
      "11": 0,
      "12": 0,
      "13": 6,
      "14": 9,
      "15": 18,
      "16": 9,
      "17": 0,
      "18": 0,
      "19": 0,
      "20": 15,
      "21": 3,
      "22": 12,
      "23": 3,
      "24": 9,
      "25": 3,
      "26": 0,
      "27": 0,
      "28": 0,
      "29": 0,
      "30": 0,
      "31": 0,
      "32": 0,
      "33": 0,
      "34": 0,
      "35": 0,
      "36": 0,
      "37": 0,
      "38": 0,
      "39": 0,
      "40": 0,
      "41": 0,
      "42": 0,
      "43": 0,
      "44": 0,
      "45": 0,
      "46": 0,
      "47": 0,
      "48": 0,
      "49": 0
    },
    "b": {
      "0": [
        0,
        0
      ],
      "1": [
        0,
        0
      ],
      "2": [
        0,
        9
      ],
      "3": [
        0,
        3
      ],
      "4": [
        3,
        0
      ],
      "5": [
        3,
        0
      ],
      "6": [
        3,
        0
      ],
      "7": [
        0,
        0
      ],
      "8": [
        0,
        0
      ],
      "9": [
        0,
        0
      ],
      "10": [
        0,
        0
      ],
      "11": [
        0,
        0
      ]
    },
    "_coverageSchema": "1a1c01bbd47fc00a2c39e90264f33305004495a9",
    "hash": "d982bac282d884a271bab944fd5cc91e57ca47a9"
  },
  "/Users/Miranda/twelveLabs/Get-Inspiration-V2/src/Task.js": {
    "path": "/Users/Miranda/twelveLabs/Get-Inspiration-V2/src/Task.js",
    "statementMap": {
      "0": {
        "start": {
          "line": 10,
          "column": 19
        },
        "end": {
          "line": 10,
          "column": 37
        }
      },
      "1": {
        "start": {
          "line": 12,
          "column": 22
        },
        "end": {
          "line": 12,
          "column": 38
        }
      },
      "2": {
        "start": {
          "line": 14,
          "column": 2
        },
        "end": {
          "line": 19,
          "column": 26
        }
      },
      "3": {
        "start": {
          "line": 15,
          "column": 4
        },
        "end": {
          "line": 18,
          "column": 5
        }
      },
      "4": {
        "start": {
          "line": 16,
          "column": 6
        },
        "end": {
          "line": 16,
          "column": 25
        }
      },
      "5": {
        "start": {
          "line": 17,
          "column": 6
        },
        "end": {
          "line": 17,
          "column": 22
        }
      },
      "6": {
        "start": {
          "line": 21,
          "column": 2
        },
        "end": {
          "line": 25,
          "column": 39
        }
      },
      "7": {
        "start": {
          "line": 22,
          "column": 4
        },
        "end": {
          "line": 24,
          "column": 7
        }
      },
      "8": {
        "start": {
          "line": 27,
          "column": 2
        },
        "end": {
          "line": 38,
          "column": 4
        }
      }
    },
    "fnMap": {
      "0": {
        "name": "Task",
        "decl": {
          "start": {
            "line": 9,
            "column": 16
          },
          "end": {
            "line": 9,
            "column": 20
          }
        },
        "loc": {
          "start": {
            "line": 9,
            "column": 62
          },
          "end": {
            "line": 39,
            "column": 1
          }
        },
        "line": 9
      },
      "1": {
        "name": "(anonymous_1)",
        "decl": {
          "start": {
            "line": 14,
            "column": 12
          },
          "end": {
            "line": 14,
            "column": 13
          }
        },
        "loc": {
          "start": {
            "line": 14,
            "column": 18
          },
          "end": {
            "line": 19,
            "column": 3
          }
        },
        "line": 14
      },
      "2": {
        "name": "(anonymous_2)",
        "decl": {
          "start": {
            "line": 21,
            "column": 12
          },
          "end": {
            "line": 21,
            "column": 13
          }
        },
        "loc": {
          "start": {
            "line": 21,
            "column": 18
          },
          "end": {
            "line": 25,
            "column": 3
          }
        },
        "line": 21
      }
    },
    "branchMap": {
      "0": {
        "loc": {
          "start": {
            "line": 15,
            "column": 4
          },
          "end": {
            "line": 18,
            "column": 5
          }
        },
        "type": "if",
        "locations": [
          {
            "start": {
              "line": 15,
              "column": 4
            },
            "end": {
              "line": 18,
              "column": 5
            }
          },
          {
            "start": {
              "line": 15,
              "column": 4
            },
            "end": {
              "line": 18,
              "column": 5
            }
          }
        ],
        "line": 15
      },
      "1": {
        "loc": {
          "start": {
            "line": 15,
            "column": 8
          },
          "end": {
            "line": 15,
            "column": 69
          }
        },
        "type": "binary-expr",
        "locations": [
          {
            "start": {
              "line": 15,
              "column": 8
            },
            "end": {
              "line": 15,
              "column": 12
            }
          },
          {
            "start": {
              "line": 15,
              "column": 17
            },
            "end": {
              "line": 15,
              "column": 40
            }
          },
          {
            "start": {
              "line": 15,
              "column": 44
            },
            "end": {
              "line": 15,
              "column": 68
            }
          }
        ],
        "line": 15
      },
      "2": {
        "loc": {
          "start": {
            "line": 33,
            "column": 13
          },
          "end": {
            "line": 33,
            "column": 61
          }
        },
        "type": "cond-expr",
        "locations": [
          {
            "start": {
              "line": 33,
              "column": 35
            },
            "end": {
              "line": 33,
              "column": 54
            }
          },
          {
            "start": {
              "line": 33,
              "column": 57
            },
            "end": {
              "line": 33,
              "column": 61
            }
          }
        ],
        "line": 33
      },
      "3": {
        "loc": {
          "start": {
            "line": 33,
            "column": 13
          },
          "end": {
            "line": 33,
            "column": 32
          }
        },
        "type": "binary-expr",
        "locations": [
          {
            "start": {
              "line": 33,
              "column": 13
            },
            "end": {
              "line": 33,
              "column": 17
            }
          },
          {
            "start": {
              "line": 33,
              "column": 21
            },
            "end": {
              "line": 33,
              "column": 32
            }
          }
        ],
        "line": 33
      }
    },
    "s": {
      "0": 0,
      "1": 0,
      "2": 0,
      "3": 0,
      "4": 0,
      "5": 0,
      "6": 0,
      "7": 0,
      "8": 0
    },
    "f": {
      "0": 0,
      "1": 0,
      "2": 0
    },
    "b": {
      "0": [
        0,
        0
      ],
      "1": [
        0,
        0,
        0
      ],
      "2": [
        0,
        0
      ],
      "3": [
        0,
        0
      ]
    },
    "_coverageSchema": "1a1c01bbd47fc00a2c39e90264f33305004495a9",
    "hash": "aff44cd6930df01ad654361b5b688cfd1ef0bfce"
  },
  "/Users/Miranda/twelveLabs/Get-Inspiration-V2/src/ErrorFallback.js": {
    "path": "/Users/Miranda/twelveLabs/Get-Inspiration-V2/src/ErrorFallback.js",
    "statementMap": {
      "0": {
        "start": {
          "line": 8,
          "column": 4
        },
        "end": {
          "line": 8,
          "column": 29
        }
      },
      "1": {
        "start": {
          "line": 11,
          "column": 2
        },
        "end": {
          "line": 32,
          "column": 4
        }
      }
    },
    "fnMap": {
      "0": {
        "name": "ErrorFallback",
        "decl": {
          "start": {
            "line": 6,
            "column": 9
          },
          "end": {
            "line": 6,
            "column": 22
          }
        },
        "loc": {
          "start": {
            "line": 6,
            "column": 34
          },
          "end": {
            "line": 33,
            "column": 1
          }
        },
        "line": 6
      },
      "1": {
        "name": "handleGoBack",
        "decl": {
          "start": {
            "line": 7,
            "column": 11
          },
          "end": {
            "line": 7,
            "column": 23
          }
        },
        "loc": {
          "start": {
            "line": 7,
            "column": 26
          },
          "end": {
            "line": 9,
            "column": 3
          }
        },
        "line": 7
      }
    },
    "branchMap": {
      "0": {
        "loc": {
          "start": {
            "line": 20,
            "column": 11
          },
          "end": {
            "line": 20,
            "column": 44
          }
        },
        "type": "binary-expr",
        "locations": [
          {
            "start": {
              "line": 20,
              "column": 11
            },
            "end": {
              "line": 20,
              "column": 25
            }
          },
          {
            "start": {
[...]
        },
        "end": {
          "line": 27,
          "column": 70
        }
      },
      "2": {
        "start": {
          "line": 28,
          "column": 42
        },
        "end": {
          "line": 30,
          "column": 4
        }
      },
      "3": {
        "start": {
          "line": 31,
          "column": 42
        },
        "end": {
          "line": 33,
          "column": 4
        }
      },
      "4": {
        "start": {
          "line": 34,
          "column": 42
        },
        "end": {
          "line": 36,
          "column": 4
        }
      },
      "5": {
        "start": {
          "line": 37,
          "column": 40
        },
        "end": {
          "line": 37,
          "column": 55
        }
      },
      "6": {
        "start": {
          "line": 38,
          "column": 46
        },
        "end": {
          "line": 38,
          "column": 61
        }
      },
      "7": {
        "start": {
          "line": 39,
          "column": 36
        },
        "end": {
          "line": 39,
          "column": 50
        }
      },
      "8": {
        "start": {
          "line": 41,
          "column": 22
        },
        "end": {
          "line": 41,
          "column": 38
        }
      },
      "9": {
        "start": {
          "line": 43,
          "column": 22
        },
        "end": {
          "line": 43,
          "column": 50
        }
      },
      "10": {
        "start": {
          "line": 44,
          "column": 24
        },
        "end": {
          "line": 44,
          "column": 59
        }
      },
      "11": {
        "start": {
          "line": 48,
          "column": 28
        },
        "end": {
          "line": 48,
          "column": 56
        }
      },
      "12": {
        "start": {
          "line": 49,
          "column": 28
        },
        "end": {
          "line": 51,
          "column": 32
        }
      },
      "13": {
        "start": {
          "line": 52,
          "column": 4
        },
        "end": {
          "line": 52,
          "column": 27
        }
      },
      "14": {
        "start": {
          "line": 56,
          "column": 4
        },
        "end": {
          "line": 58,
          "column": 7
        }
      },
      "15": {
        "start": {
          "line": 59,
          "column": 4
        },
        "end": {
          "line": 61,
          "column": 7
        }
      },
      "16": {
        "start": {
          "line": 62,
          "column": 4
        },
        "end": {
          "line": 64,
          "column": 7
        }
      },
      "17": {
        "start": {
          "line": 67,
          "column": 2
        },
        "end": {
          "line": 74,
          "column": 36
        }
      },
      "18": {
        "start": {
          "line": 68,
          "column": 22
        },
        "end": {
          "line": 72,
          "column": 5
        }
      },
      "19": {
        "start": {
          "line": 69,
          "column": 6
        },
        "end": {
          "line": 71,
          "column": 9
        }
      },
      "20": {
        "start": {
          "line": 73,
          "column": 4
        },
        "end": {
          "line": 73,
          "column": 16
        }
      },
      "21": {
        "start": {
          "line": 76,
          "column": 2
        },
        "end": {
          "line": 143,
          "column": 4
        }
      }
    },
    "fnMap": {
      "0": {
        "name": "SummarizeVideo",
        "decl": {
          "start": {
            "line": 20,
            "column": 16
          },
          "end": {
            "line": 20,
            "column": 30
          }
        },
        "loc": {
          "start": {
            "line": 20,
            "column": 66
          },
          "end": {
            "line": 144,
            "column": 1
          }
        },
        "line": 20
      },
      "1": {
        "name": "decodeAndCleanFilename",
        "decl": {
          "start": {
            "line": 47,
            "column": 11
          },
          "end": {
            "line": 47,
            "column": 33
          }
        },
        "loc": {
          "start": {
            "line": 47,
            "column": 44
          },
          "end": {
            "line": 53,
            "column": 3
          }
        },
        "line": 47
      },
      "2": {
        "name": "resetPrompts",
        "decl": {
          "start": {
            "line": 55,
            "column": 17
          },
          "end": {
            "line": 55,
            "column": 29
          }
        },
        "loc": {
          "start": {
            "line": 55,
            "column": 32
          },
          "end": {
            "line": 65,
            "column": 3
          }
        },
        "line": 55
      },
      "3": {
        "name": "(anonymous_3)",
        "decl": {
          "start": {
            "line": 67,
            "column": 12
          },
          "end": {
            "line": 67,
            "column": 13
          }
        },
        "loc": {
          "start": {
            "line": 67,
            "column": 18
          },
          "end": {
            "line": 74,
            "column": 3
          }
        },
        "line": 67
      },
      "4": {
        "name": "(anonymous_4)",
        "decl": {
          "start": {
            "line": 68,
            "column": 22
          },
          "end": {
            "line": 68,
            "column": 23
          }
        },
        "loc": {
          "start": {
            "line": 68,
            "column": 34
          },
          "end": {
            "line": 72,
            "column": 5
          }
        },
        "line": 68
      }
    },
    "branchMap": {
      "0": {
        "loc": {
          "start": {
            "line": 86,
            "column": 7
          },
          "end": {
            "line": 99,
            "column": 7
          }
        },
        "type": "binary-expr",
        "locations": [
          {
            "start": {
              "line": 86,
              "column": 7
            },
            "end": {
              "line": 86,
              "column": 13
            }
          },
          {
            "start": {
              "line": 87,
              "column": 8
            },
            "end": {
              "line": 98,
              "column": 14
            }
          }
        ],
        "line": 86
      },
      "1": {
        "loc": {
          "start": {
            "line": 100,
            "column": 7
          },
          "end": {
            "line": 141,
            "column": 7
          }
        },
        "type": "binary-expr",
        "locations": [
          {
            "start": {
              "line": 100,
              "column": 7
            },
            "end": {
              "line": 100,
              "column": 17
            }
          },
          {
            "start": {
              "line": 101,
              "column": 8
            },
            "end": {
              "line": 140,
              "column": 11
            }
          }
        ],
        "line": 100
      },
      "2": {
        "loc": {
          "start": {
            "line": 103,
            "column": 13
          },
          "end": {
            "line": 103,
            "column": 44
          }
        },
        "type": "binary-expr",
        "locations": [
          {
            "start": {
              "line": 103,
              "column": 13
            },
            "end": {
              "line": 103,
              "column": 22
            }
          },
          {
            "start": {
              "line": 103,
              "column": 26
            },
            "end": {
              "line": 103,
              "column": 44
            }
          }
        ],
        "line": 103
      },
      "3": {
        "loc": {
          "start": {
            "line": 104,
            "column": 13
          },
          "end": {
            "line": 110,
            "column": 13
          }
        },
        "type": "binary-expr",
        "locations": [
          {
            "start": {
              "line": 104,
              "column": 13
            },
            "end": {
              "line": 104,
              "column": 18
            }
          },
          {
            "start": {
              "line": 105,
              "column": 14
            },
            "end": {
              "line": 109,
              "column": 16
            }
          }
        ],
        "line": 104
      },
      "4": {
        "loc": {
          "start": {
            "line": 112,
            "column": 11
          },
          "end": {
            "line": 114,
            "column": 11
          }
        },
        "type": "binary-expr",
        "locations": [
          {
            "start": {
              "line": 112,
              "column": 11
            },
            "end": {
              "line": 112,
              "column": 25
            }
          },
          {
            "start": {
              "line": 113,
              "column": 12
            },
            "end": {
              "line": 113,
              "column": 77
            }
          }
        ],
        "line": 112
      },
      "5": {
        "loc": {
          "start": {
            "line": 115,
            "column": 11
          },
          "end": {
            "line": 130,
            "column": 11
          }
        },
        "type": "binary-expr",
        "locations": [
          {
            "start": {
              "line": 115,
              "column": 11
            },
            "end": {
              "line": 115,
              "column": 16
            }
          },
          {
            "start": {
              "line": 116,
              "column": 12
            },
            "end": {
              "line": 129,
              "column": 14
            }
          }
        ],
        "line": 115
      },
      "6": {
        "loc": {
          "start": {
            "line": 131,
            "column": 11
          },
          "end": {
            "line": 139,
            "column": 11
          }
        },
        "type": "binary-expr",
        "locations": [
          {
            "start": {
              "line": 131,
              "column": 11
            },
            "end": {
              "line": 131,
              "column": 16
            }
          },
          {
            "start": {
              "line": 132,
              "column": 12
            },
            "end": {
              "line": 138,
              "column": 14
            }
          }
        ],
        "line": 131
      }
    },
    "s": {
      "0": 18,
      "1": 15,
      "2": 15,
      "3": 15,
      "4": 15,
      "5": 15,
      "6": 15,
      "7": 15,
      "8": 15,
      "9": 15,
      "10": 15,
      "11": 15,
      "12": 15,
      "13": 15,
      "14": 0,
      "15": 0,
      "16": 0,
      "17": 15,
      "18": 3,
      "19": 3,
      "20": 3,
      "21": 15
    },
    "f": {
      "0": 18,
      "1": 15,
      "2": 0,
      "3": 3,
      "4": 3
    },
    "b": {
      "0": [
        15,
        0
      ],
      "1": [
        15,
        15
      ],
      "2": [
        15,
        0
      ],
      "3": [
        15,
        15
      ],
      "4": [
        15,
        0
      ],
      "5": [
        15,
        15
      ],
      "6": [
        15,
        15
      ]
    },
    "_coverageSchema": "1a1c01bbd47fc00a2c39e90264f33305004495a9",
    "hash": "4ee9e9342396f4ff4b076c4c55cac395d186961c"
  },
  "/Users/Miranda/twelveLabs/Get-Inspiration-V2/src/App.js": {
    "path": "/Users/Miranda/twelveLabs/Get-Inspiration-V2/src/App.js",
    "statementMap": {
      "0": {
        "start": {
          "line": 12,
          "column": 43
        },
        "end": {
          "line": 12,
          "column": 75
        }
      },
      "1": {
        "start": {
          "line": 14,
          "column": 22
        },
        "end": {
          "line": 14,
          "column": 38
        }
      },
      "2": {
        "start": {
          "line": 16,
          "column": 2
        },
        "end": {
          "line": 18,
          "column": 40
        }
      },
      "3": {
        "start": {
          "line": 17,
          "column": 4
        },
        "end": {
          "line": 17,
          "column": 69
        }
      },
      "4": {
        "start": {
          "line": 20,
          "column": 2
        },
        "end": {
          "line": 32,
          "column": 4
        }
      }
    },
    "fnMap": {
      "0": {
        "name": "App",
        "decl": {
          "start": {
            "line": 11,
            "column": 9
          },
          "end": {
            "line": 11,
            "column": 12
          }
        },
        "loc": {
          "start": {
            "line": 11,
            "column": 15
          },
          "end": {
            "line": 33,
            "column": 1
          }
        },
        "line": 11
      },
      "1": {
        "name": "(anonymous_1)",
        "decl": {
          "start": {
            "line": 16,
            "column": 12
          },
          "end": {
            "line": 16,
            "column": 13
          }
        },
        "loc": {
          "start": {
            "line": 16,
            "column": 18
          },
          "end": {
            "line": 18,
            "column": 3
          }
        },
        "line": 16
      }
    },
    "branchMap": {
      "0": {
        "loc": {
          "start": {
            "line": 26,
            "column": 21
          },
          "end": {
            "line": 26,
            "column": 47
          }
        },
        "type": "binary-expr",
        "locations": [
          {
            "start": {
              "line": 26,
              "column": 21
            },
            "end": {
              "line": 26,
              "column": 39
            }
          },
          {
            "start": {
              "line": 26,
              "column": 43
            },
            "end": {
              "line": 26,
              "column": 47
            }
          }
        ],
        "line": 26
      }
    },
    "s": {
      "0": 6,
      "1": 3,
      "2": 3,
      "3": 3,
      "4": 3
    },
    "f": {
      "0": 6,
      "1": 3
    },
    "b": {
      "0": [
        3,
        0
      ]
    },
    "_coverageSchema": "1a1c01bbd47fc00a2c39e90264f33305004495a9",
    "hash": "374ba99322d0136aaff81eae33654b150b1613d6"
  },
  "/Users/Miranda/twelveLabs/Get-Inspiration-V2/src/reportWebVitals.js": {
    "path": "/Users/Miranda/twelveLabs/Get-Inspiration-V2/src/reportWebVitals.js",
    "statementMap": {
      "0": {
        "start": {
          "line": 1,
          "column": 24
        },
        "end": {
          "line": 11,
          "column": 1
        }
      },
      "1": {
        "start": {
          "line": 2,
          "column": 2
        },
        "end": {
          "line": 10,
          "column": 3
        }
      },
      "2": {
        "start": {
          "line": 3,
          "column": 4
        },
        "end": {
          "line": 9,
          "column": 7
        }
      },
      "3": {
        "start": {
          "line": 4,
          "column": 6
        },
        "end": {
          "line": 4,
          "column": 26
        }
      },
      "4": {
        "start": {
          "line": 5,
          "column": 6
        },
        "end": {
          "line": 5,
          "column": 26
        }
      },
      "5": {
        "start": {
          "line": 6,
          "column": 6
        },
        "end": {
          "line": 6,
          "column": 26
        }
      },
      "6": {
        "start": {
          "line": 7,
          "column": 6
        },
        "end": {
          "line": 7,
          "column": 26
        }
      },
      "7": {
        "start": {
          "line": 8,
          "column": 6
        },
        "end": {
          "line": 8,
          "column": 27
        }
      }
    },
    "fnMap": {
      "0": {
        "name": "(anonymous_0)",
        "decl": {
          "start": {
            "line": 1,
            "column": 24
          },
          "end": {
            "line": 1,
            "column": 25
          }
        },
        "loc": {
          "start": {
            "line": 1,
            "column": 39
          },
          "end": {
            "line": 11,
            "column": 1
          }
        },
        "line": 1
      },
      "1": {
        "name": "(anonymous_1)",
        "decl": {
          "start": {
            "line": 3,
            "column": 30
          },
          "end": {
            "line": 3,
            "column": 31
          }
        },
        "loc": {
          "start": {
            "line": 3,
            "column": 79
          },
          "end": {
            "line": 9,
            "column": 5
          }
        },
        "line": 3
      }
    },
    "branchMap": {
      "0": {
        "loc": {
          "start": {
            "line": 2,
            "column": 2
          },
          "end": {
            "line": 10,
            "column": 3
          }
        },
        "type": "if",
        "locations": [
          {
            "start": {
              "line": 2,
              "column": 2
            },
            "end": {
              "line": 10,
              "column": 3
            }
          },
          {
            "start": {
              "line": 2,
              "column": 2
            },
            "end": {
              "line": 10,
              "column": 3
            }
          }
        ],
        "line": 2
      },
      "1": {
        "loc": {
          "start": {
            "line": 2,
            "column": 6
          },
          "end": {
            "line": 2,
            "column": 52
          }
        },
        "type": "binary-expr",
        "locations": [
          {
            "start": {
              "line": 2,
              "column": 6
            },
            "end": {
              "line": 2,
              "column": 17
            }
          },
          {
            "start": {
              "line": 2,
              "column": 21
            },
            "end": {
              "line": 2,
              "column": 52
            }
          }
        ],
        "line": 2
      }
    },
    "s": {
      "0": 3,
      "1": 3,
      "2": 0,
      "3": 0,
      "4": 0,
      "5": 0,
      "6": 0,
      "7": 0
    },
    "f": {
      "0": 3,
      "1": 0
    },
    "b": {
      "0": [
        0,
        3
      ],
      "1": [
        3,
        0
      ]
    },
    "_coverageSchema": "1a1c01bbd47fc00a2c39e90264f33305004495a9",
    "hash": "2a337fde5082f900695bcb470e8b0cd583ba4e02"
  },
  "/Users/Miranda/twelveLabs/Get-Inspiration-V2/src/index.js": {
    "path": "/Users/Miranda/twelveLabs/Get-Inspiration-V2/src/index.js",
    "statementMap": {
      "0": {
        "start": {
          "line": 10,
          "column": 20
        },
        "end": {
          "line": 16,
          "column": 2
        }
      },
      "1": {
        "start": {
          "line": 18,
          "column": 13
        },
        "end": {
          "line": 18,
          "column": 65
        }
      },
      "2": {
        "start": {
          "line": 20,
          "column": 0
        },
        "end": {
          "line": 27,
          "column": 2
        }
      },
      "3": {
        "start": {
          "line": 32,
          "column": 0
        },
        "end": {
          "line": 32,
          "column": 18
        }
      }
    },
    "fnMap": {},
    "branchMap": {},
    "s": {
      "0": 3,
      "1": 3,
      "2": 3,
      "3": 3
    },
    "f": {},
    "b": {},
    "_coverageSchema": "1a1c01bbd47fc00a2c39e90264f33305004495a9",
    "hash": "83614e0754a384580390892672762295da476cea"
  }
}