{
  "/Users/Miranda/twelveLabs/Get-Inspiration-V2/src/keys.js": {
    "path": "/Users/Miranda/twelveLabs/Get-Inspiration-V2/src/keys.js",
    "statementMap": {
      "0": {
        "start": {
          "line": 1,
          "column": 13
        },
        "end": {
          "line": 9,
          "column": 1
        }
      }
    },
    "fnMap": {},
    "branchMap": {},
    "s": {
      "0": 2
    },
    "f": {},
    "b": {},
    "_coverageSchema": "1a1c01bbd47fc00a2c39e90264f33305004495a9",
    "hash": "7ff34852a33ac88f02bee0e9c3d2100c03ada45b"
  },
  "/Users/Miranda/twelveLabs/Get-Inspiration-V2/src/LoadingSpinner.js": {
    "path": "/Users/Miranda/twelveLabs/Get-Inspiration-V2/src/LoadingSpinner.js",
    "statementMap": {
      "0": {
        "start": {
          "line": 5,
          "column": 2
        },
        "end": {
          "line": 15,
          "column": 4
        }
      }
    },
    "fnMap": {
      "0": {
        "name": "LoadingSpinner",
        "decl": {
          "start": {
            "line": 4,
            "column": 9
          },
          "end": {
            "line": 4,
            "column": 23
          }
        },
        "loc": {
          "start": {
            "line": 4,
            "column": 26
          },
          "end": {
            "line": 16,
            "column": 1
          }
        },
        "line": 4
      }
    },
    "branchMap": {},
    "s": {
      "0": 4
    },
    "f": {
      "0": 4
    },
    "b": {},
    "_coverageSchema": "1a1c01bbd47fc00a2c39e90264f33305004495a9",
    "hash": "98baad19fbf2b3f0bec8c0f6b8efbaeb5b52af6d"
  },
  "/Users/Miranda/twelveLabs/Get-Inspiration-V2/src/Video.js": {
    "path": "/Users/Miranda/twelveLabs/Get-Inspiration-V2/src/Video.js",
    "statementMap": {
      "0": {
        "start": {
          "line": 14,
          "column": 20
        },
        "end": {
          "line": 14,
          "column": 43
        }
      },
      "1": {
        "start": {
          "line": 16,
          "column": 25
        },
        "end": {
          "line": 37,
          "column": 3
        }
      },
      "2": {
        "start": {
          "line": 17,
          "column": 24
        },
        "end": {
          "line": 23,
          "column": 5
        }
      },
      "3": {
        "start": {
          "line": 25,
          "column": 4
        },
        "end": {
          "line": 34,
          "column": 5
        }
      },
      "4": {
        "start": {
          "line": 26,
          "column": 6
        },
        "end": {
          "line": 26,
          "column": 80
        }
      },
      "5": {
        "start": {
          "line": 28,
          "column": 6
        },
        "end": {
          "line": 33,
          "column": 8
        }
      },
      "6": {
        "start": {
          "line": 36,
          "column": 4
        },
        "end": {
          "line": 36,
          "column": 23
        }
      },
      "7": {
        "start": {
          "line": 39,
          "column": 2
        },
        "end": {
          "line": 43,
          "column": 4
        }
      }
    },
    "fnMap": {
      "0": {
        "name": "Video",
        "decl": {
          "start": {
            "line": 13,
            "column": 16
          },
          "end": {
            "line": 13,
            "column": 21
          }
        },
        "loc": {
          "start": {
            "line": 13,
            "column": 58
          },
          "end": {
            "line": 44,
            "column": 1
          }
        },
        "line": 13
      },
      "1": {
        "name": "(anonymous_1)",
        "decl": {
          "start": {
            "line": 16,
            "column": 25
          },
          "end": {
            "line": 16,
            "column": 26
          }
        },
        "loc": {
          "start": {
            "line": 16,
            "column": 31
          },
          "end": {
            "line": 37,
            "column": 3
          }
        },
        "line": 16
      }
    },
    "branchMap": {
      "0": {
        "loc": {
          "start": {
            "line": 25,
            "column": 4
          },
          "end": {
            "line": 34,
            "column": 5
          }
        },
        "type": "if",
        "locations": [
          {
            "start": {
              "line": 25,
              "column": 4
            },
            "end": {
              "line": 34,
              "column": 5
            }
          },
          {
            "start": {
              "line": 25,
              "column": 4
            },
            "end": {
              "line": 34,
              "column": 5
            }
          }
        ],
        "line": 25
      },
      "1": {
        "loc": {
          "start": {
            "line": 26,
            "column": 24
          },
          "end": {
            "line": 26,
            "column": 79
          }
        },
        "type": "cond-expr",
        "locations": [
          {
            "start": {
              "line": 26,
              "column": 39
            },
            "end": {
              "line": 26,
              "column": 73
            }
          },
          {
            "start": {
              "line": 26,
              "column": 76
            },
            "end": {
              "line": 26,
              "column": 79
            }
          }
        ],
        "line": 26
      },
      "2": {
        "loc": {
          "start": {
            "line": 26,
            "column": 24
          },
          "end": {
            "line": 26,
            "column": 36
          }
        },
        "type": "binary-expr",
        "locations": [
          {
            "start": {
              "line": 26,
              "column": 24
            },
            "end": {
              "line": 26,
              "column": 29
            }
          },
          {
            "start": {
              "line": 26,
              "column": 33
            },
            "end": {
              "line": 26,
              "column": 36
            }
          }
        ],
        "line": 26
      }
    },
    "s": {
      "0": 10,
      "1": 10,
      "2": 10,
      "3": 10,
      "4": 10,
      "5": 0,
      "6": 10,
      "7": 10
    },
    "f": {
      "0": 10,
      "1": 10
    },
    "b": {
      "0": [
        10,
        0
      ],
      "1": [
        0,
        10
      ],
      "2": [
        10,
        10
      ]
    },
    "_coverageSchema": "1a1c01bbd47fc00a2c39e90264f33305004495a9",
    "hash": "47257f64382c5384a60c70e84e99f735a5a32850"
  },
  "/Users/Miranda/twelveLabs/Get-Inspiration-V2/src/InputForm.js": {
    "path": "/Users/Miranda/twelveLabs/Get-Inspiration-V2/src/InputForm.js",
    "statementMap": {
      "0": {
        "start": {
          "line": 23,
          "column": 22
        },
        "end": {
          "line": 23,
          "column": 38
        }
      },
      "1": {
        "start": {
          "line": 25,
          "column": 21
        },
        "end": {
          "line": 25,
          "column": 33
        }
      },
      "2": {
        "start": {
          "line": 26,
          "column": 22
        },
        "end": {
          "line": 26,
          "column": 34
        }
      },
      "3": {
        "start": {
          "line": 27,
          "column": 24
        },
        "end": {
          "line": 27,
          "column": 36
        }
      },
      "4": {
        "start": {
          "line": 31,
          "column": 4
        },
        "end": {
          "line": 31,
          "column": 27
        }
      },
      "5": {
        "start": {
          "line": 33,
          "column": 4
        },
        "end": {
          "line": 37,
          "column": 5
        }
      },
      "6": {
        "start": {
          "line": 34,
          "column": 6
        },
        "end": {
          "line": 34,
          "column": 40
        }
      },
      "7": {
        "start": {
          "line": 36,
          "column": 6
        },
        "end": {
          "line": 36,
          "column": 28
        }
      },
      "8": {
        "start": {
          "line": 39,
          "column": 4
        },
        "end": {
          "line": 43,
          "column": 5
        }
      },
      "9": {
        "start": {
          "line": 40,
          "column": 6
        },
        "end": {
          "line": 40,
          "column": 40
        }
      },
      "10": {
        "start": {
          "line": 42,
          "column": 6
        },
        "end": {
          "line": 42,
          "column": 28
        }
      },
      "11": {
        "start": {
          "line": 45,
          "column": 4
        },
        "end": {
          "line": 49,
          "column": 5
        }
      },
      "12": {
        "start": {
          "line": 46,
          "column": 6
        },
        "end": {
          "line": 46,
          "column": 40
        }
      },
      "13": {
        "start": {
          "line": 48,
          "column": 6
        },
        "end": {
          "line": 48,
          "column": 28
        }
      },
      "14": {
        "start": {
          "line": 51,
          "column": 4
        },
        "end": {
          "line": 59,
          "column": 5
        }
      },
      "15": {
        "start": {
          "line": 56,
          "column": 6
        },
        "end": {
          "line": 56,
          "column": 31
        }
      },
      "16": {
        "start": {
          "line": 57,
          "column": 6
        },
        "end": {
          "line": 57,
          "column": 32
        }
      },
      "17": {
        "start": {
          "line": 58,
          "column": 6
        },
        "end": {
          "line": 58,
          "column": 13
        }
      },
      "18": {
        "start": {
          "line": 61,
          "column": 4
        },
        "end": {
          "line": 61,
          "column": 25
        }
      },
      "19": {
        "start": {
          "line": 62,
          "column": 4
        },
        "end": {
          "line": 62,
          "column": 28
        }
      },
      "20": {
        "start": {
          "line": 63,
          "column": 4
        },
        "end": {
          "line": 63,
          "column": 31
        }
      },
      "21": {
        "start": {
          "line": 65,
          "column": 4
        },
        "end": {
          "line": 71,
          "column": 7
        }
      },
      "22": {
        "start": {
          "line": 74,
          "column": 2
        },
        "end": {
          "line": 78,
          "column": 9
        }
      },
      "23": {
        "start": {
          "line": 75,
          "column": 4
        },
        "end": {
          "line": 75,
          "column": 38
        }
      },
      "24": {
        "start": {
          "line": 76,
          "column": 4
        },
        "end": {
          "line": 76,
          "column": 39
        }
      },
      "25": {
        "start": {
          "line": 77,
          "column": 4
        },
        "end": {
          "line": 77,
          "column": 41
        }
      },
      "26": {
        "start": {
          "line": 80,
          "column": 2
        },
        "end": {
          "line": 143,
          "column": 4
        }
      }
    },
    "fnMap": {
      "0": {
        "name": "InputForm",
        "decl": {
          "start": {
            "line": 11,
            "column": 16
          },
          "end": {
            "line": 11,
            "column": 25
          }
        },
        "loc": {
          "start": {
            "line": 22,
            "column": 3
          },
          "end": {
            "line": 144,
            "column": 1
          }
        },
        "line": 22
      },
      "1": {
        "name": "handleClick",
        "decl": {
          "start": {
            "line": 30,
            "column": 17
          },
          "end": {
            "line": 30,
            "column": 28
          }
        },
        "loc": {
          "start": {
            "line": 30,
            "column": 36
          },
          "end": {
            "line": 72,
            "column": 3
          }
        },
        "line": 30
      },
      "2": {
        "name": "(anonymous_2)",
        "decl": {
          "start": {
            "line": 74,
            "column": 12
          },
          "end": {
            "line": 74,
            "column": 13
          }
        },
        "loc": {
          "start": {
            "line": 74,
            "column": 18
          },
          "end": {
            "line": 78,
            "column": 3
          }
        },
        "line": 74
      }
    },
    "branchMap": {
      "0": {
        "loc": {
          "start": {
            "line": 33,
            "column": 4
          },
          "end": {
            "line": 37,
            "column": 5
          }
        },
        "type": "if",
        "locations": [
          {
            "start": {
              "line": 33,
              "column": 4
            },
            "end": {
              "line": 37,
              "column": 5
            }
          },
          {
            "start": {
              "line": 33,
              "column": 4
            },
            "end": {
              "line": 37,
              "column": 5
            }
          }
        ],
        "line": 33
      },
      "1": {
        "loc": {
          "start": {
            "line": 39,
            "column": 4
          },
          "end": {
            "line": 43,
            "column": 5
          }
        },
        "type": "if",
        "locations": [
          {
            "start": {
              "line": 39,
              "column": 4
            },
            "end": {
              "line": 43,
              "column": 5
            }
          },
          {
            "start": {
              "line": 39,
              "column": 4
            },
            "end": {
              "line": 43,
              "column": 5
            }
          }
        ],
        "line": 39
      },
      "2": {
        "loc": {
          "start": {
            "line": 45,
            "column": 4
          },
          "end": {
            "line": 49,
            "column": 5
          }
        },
        "type": "if",
        "locations": [
          {
            "start": {
              "line": 45,
              "column": 4
            },
            "end": {
              "line": 49,
              "column": 5
            }
          },
          {
            "start": {
              "line": 45,
              "column": 4
            },
            "end": {
              "line": 49,
              "column": 5
            }
          }
        ],
        "line": 45
      },
      "3": {
        "loc": {
          "start": {
            "line": 51,
            "column": 4
          },
          "end": {
            "line": 59,
            "column": 5
          }
        },
        "type": "if",
        "locations": [
          {
            "start": {
              "line": 51,
              "column": 4
            },
            "end": {
              "line": 59,
              "column": 5
            }
          },
          {
            "start": {
              "line": 51,
              "column": 4
            },
            "end": {
              "line": 59,
              "column": 5
            }
          }
        ],
        "line": 51
      },
      "4": {
        "loc": {
          "start": {
            "line": 52,
            "column": 6
          },
          "end": {
            "line": 54,
            "column": 37
          }
        },
        "type": "binary-expr",
        "locations": [
          {
            "start": {
              "line": 52,
              "column": 6
            },
            "end": {
              "line": 52,
              "column": 34
            }
          },
          {
            "start": {
              "line": 53,
              "column": 6
            },
            "end": {
              "line": 53,
              "column": 35
            }
          },
          {
            "start": {
              "line": 54,
              "column": 6
            },
            "end": {
              "line": 54,
              "column": 37
            }
          }
        ],
        "line": 52
      }
    },
    "s": {
      "0": 10,
      "1": 10,
      "2": 10,
      "3": 10,
      "4": 0,
      "5": 0,
      "6": 0,
      "7": 0,
      "8": 0,
      "9": 0,
      "10": 0,
      "11": 0,
      "12": 0,
      "13": 0,
      "14": 0,
      "15": 0,
      "16": 0,
      "17": 0,
      "18": 0,
      "19": 0,
      "20": 0,
      "21": 0,
      "22": 10,
      "23": 2,
      "24": 2,
      "25": 2,
      "26": 10
    },
    "f": {
      "0": 10,
      "1": 0,
      "2": 2
    },
    "b": {
      "0": [
        0,
        0
      ],
      "1": [
        0,
        0
      ],
      "2": [
        0,
        0
      ],
      "3": [
        0,
        0
      ],
      "4": [
        0,
        0,
        0
      ]
    },
    "_coverageSchema": "1a1c01bbd47fc00a2c39e90264f33305004495a9",
    "hash": "ed67ab6763bb01a6eefa15f61484a0668c9fd7b2"
  },
  "/Users/Miranda/twelveLabs/Get-Inspiration-V2/src/apiConfig.js": {
    "path": "/Users/Miranda/twelveLabs/Get-Inspiration-V2/src/apiConfig.js",
    "statementMap": {
      "0": {
        "start": {
          "line": 3,
          "column": 24
        },
        "end": {
          "line": 5,
          "column": 1
        }
      },
      "1": {
        "start": {
          "line": 7,
          "column": 18
        },
        "end": {
          "line": 16,
          "column": 1
        }
      }
    },
    "fnMap": {},
    "branchMap": {},
    "s": {
      "0": 2,
      "1": 2
    },
    "f": {},
    "b": {},
    "_coverageSchema": "1a1c01bbd47fc00a2c39e90264f33305004495a9",
    "hash": "04fd5bcbdefac78ddb9c9635d62cffad658c11fb"
  },
  "/Users/Miranda/twelveLabs/Get-Inspiration-V2/src/apiHooks.js": {
    "path": "/Users/Miranda/twelveLabs/Get-Inspiration-V2/src/apiHooks.js",
    "statementMap": {
      "0": {
        "start": {
          "line": 6,
          "column": 2
        },
        "end": {
          "line": 21,
          "column": 5
        }
      },
      "1": {
        "start": {
          "line": 9,
          "column": 6
        },
        "end": {
          "line": 19,
          "column": 7
        }
      },
      "2": {
        "start": {
          "line": 10,
          "column": 25
        },
        "end": {
          "line": 15,
          "column": 9
        }
      },
      "3": {
        "start": {
          "line": 16,
          "column": 8
        },
        "end": {
          "line": 16,
          "column": 29
        }
      },
      "4": {
        "start": {
          "line": 18,
          "column": 8
        },
        "end": {
          "line": 18,
          "column": 21
        }
      },
      "5": {
        "start": {
          "line": 25,
          "column": 2
        },
        "end": {
          "line": 49,
          "column": 5
        }
      },
      "6": {
        "start": {
          "line": 28,
          "column": 6
        },
        "end": {
          "line": 43,
          "column": 7
        }
      },
      "7": {
        "start": {
          "line": 29,
          "column": 8
        },
        "end": {
          "line": 31,
          "column": 9
        }
      },
      "8": {
        "start": {
          "line": 30,
          "column": 10
        },
        "end": {
          "line": 30,
          "column": 22
        }
      },
      "9": {
        "start": {
          "line": 32,
          "column": 25
        },
        "end": {
          "line": 34,
          "column": 9
        }
      },
      "10": {
        "start": {
          "line": 36,
          "column": 8
        },
        "end": {
          "line": 38,
          "column": 9
        }
      },
      "11": {
        "start": {
          "line": 37,
          "column": 10
        },
        "end": {
          "line": 37,
          "column": 47
        }
      },
      "12": {
        "start": {
          "line": 40,
          "column": 8
        },
        "end": {
          "line": 40,
          "column": 29
        }
      },
      "13": {
        "start": {
          "line": 42,
          "column": 8
        },
        "end": {
          "line": 42,
          "column": 20
        }
      },
      "14": {
        "start": {
          "line": 47,
          "column": 6
        },
        "end": {
          "line": 47,
          "column": 54
        }
      },
      "15": {
        "start": {
          "line": 53,
          "column": 2
        },
        "end": {
          "line": 68,
          "column": 3
        }
      },
      "16": {
        "start": {
          "line": 54,
          "column": 21
        },
        "end": {
          "line": 63,
          "column": 6
        }
      },
      "17": {
        "start": {
          "line": 57,
          "column": 25
        },
        "end": {
          "line": 59,
          "column": 9
        }
      },
      "18": {
        "start": {
          "line": 60,
          "column": 25
        },
        "end": {
          "line": 60,
          "column": 38
        }
      },
      "19": {
        "start": {
          "line": 61,
          "column": 8
        },
        "end": {
          "line": 61,
          "column": 24
        }
      },
      "20": {
        "start": {
          "line": 64,
          "column": 4
        },
        "end": {
          "line": 64,
          "column": 20
        }
      },
      "21": {
        "start": {
          "line": 66,
          "column": 4
        },
        "end": {
          "line": 66,
          "column": 62
        }
      },
      "22": {
        "start": {
          "line": 67,
          "column": 4
        },
        "end": {
          "line": 67,
          "column": 16
        }
      },
      "23": {
        "start": {
          "line": 72,
          "column": 2
        },
        "end": {
          "line": 87,
          "column": 5
        }
      },
      "24": {
        "start": {
          "line": 75,
          "column": 6
        },
        "end": {
          "line": 77,
          "column": 7
        }
      },
      "25": {
        "start": {
          "line": 76,
          "column": 8
        },
        "end": {
          "line": 76,
          "column": 20
        }
      },
      "26": {
        "start": {
          "line": 79,
          "column": 23
        },
        "end": {
          "line": 82,
          "column": 7
        }
      },
      "27": {
        "start": {
          "line": 83,
          "column": 23
        },
        "end": {
          "line": 83,
          "column": 36
        }
      },
      "28": {
        "start": {
          "line": 84,
          "column": 6
        },
        "end": {
          "line": 84,
          "column": 22
        }
      },
      "29": {
        "start": {
          "line": 91,
          "column": 2
        },
        "end": {
          "line": 106,
          "column": 5
        }
      },
      "30": {
        "start": {
          "line": 94,
          "column": 6
        },
        "end": {
          "line": 96,
          "column": 7
        }
      },
      "31": {
        "start": {
          "line": 95,
          "column": 8
        },
        "end": {
          "line": 95,
          "column": 20
        }
      },
      "32": {
        "start": {
          "line": 98,
          "column": 23
        },
        "end": {
          "line": 101,
          "column": 7
        }
      },
      "33": {
        "start": {
          "line": 102,
          "column": 23
        },
        "end": {
          "line": 102,
          "column": 36
        }
      },
      "34": {
        "start": {
          "line": 103,
          "column": 6
        },
        "end": {
          "line": 103,
          "column": 22
        }
      },
      "35": {
        "start": {
          "line": 110,
          "column": 2
        },
        "end": {
          "line": 125,
          "column": 5
        }
      },
      "36": {
        "start": {
          "line": 113,
          "column": 6
        },
        "end": {
          "line": 115,
          "column": 7
        }
      },
      "37": {
        "start": {
          "line": 114,
          "column": 8
        },
        "end": {
          "line": 114,
          "column": 20
        }
      },
      "38": {
        "start": {
          "line": 117,
          "column": 23
        },
        "end": {
          "line": 120,
          "column": 7
        }
      },
      "39": {
        "start": {
          "line": 121,
          "column": 23
        },
        "end": {
          "line": 121,
          "column": 36
        }
      },
      "40": {
        "start": {
          "line": 122,
          "column": 6
        },
        "end": {
          "line": 122,
          "column": 22
        }
      },
      "41": {
        "start": {
          "line": 129,
          "column": 2
        },
        "end": {
          "line": 141,
          "column": 5
        }
      },
      "42": {
        "start": {
          "line": 132,
          "column": 6
        },
        "end": {
          "line": 134,
          "column": 7
        }
      },
      "43": {
        "start": {
          "line": 133,
          "column": 17
        },
        "end": {
          "line": 133,
          "column": 25
        }
      },
      "44": {
        "start": {
          "line": 136,
          "column": 6
        },
        "end": {
          "line": 138,
          "column": 15
        }
      }
    },
    "fnMap": {
      "0": {
        "name": "useGetVideos",
        "decl": {
          "start": {
            "line": 5,
            "column": 16
          },
          "end": {
            "line": 5,
            "column": 28
          }
        },
        "loc": {
          "start": {
            "line": 5,
            "column": 38
          },
          "end": {
            "line": 22,
            "column": 1
          }
        },
        "line": 5
      },
      "1": {
        "name": "(anonymous_1)",
        "decl": {
          "start": {
            "line": 8,
            "column": 13
          },
          "end": {
            "line": 8,
            "column": 14
          }
        },
        "loc": {
          "start": {
            "line": 8,
            "column": 25
          },
          "end": {
            "line": 20,
            "column": 5
          }
        },
        "line": 8
      },
      "2": {
        "name": "useGetVideo",
        "decl": {
          "start": {
            "line": 24,
            "column": 16
          },
          "end": {
            "line": 24,
            "column": 27
          }
        },
        "loc": {
          "start": {
            "line": 24,
            "column": 55
          },
          "end": {
            "line": 50,
            "column": 1
          }
        },
        "line": 24
      },
      "3": {
        "name": "(anonymous_3)",
        "decl": {
          "start": {
            "line": 27,
            "column": 13
          },
          "end": {
            "line": 27,
            "column": 14
          }
        },
        "loc": {
          "start": {
            "line": 27,
            "column": 25
          },
          "end": {
            "line": 44,
            "column": 5
          }
        },
        "line": 27
      },
      "4": {
        "name": "(anonymous_4)",
        "decl": {
          "start": {
            "line": 46,
            "column": 13
          },
          "end": {
            "line": 46,
            "column": 14
          }
        },
        "loc": {
          "start": {
            "line": 46,
            "column": 24
          },
          "end": {
            "line": 48,
            "column": 5
          }
        },
        "line": 46
      },
      "5": {
        "name": "fetchVideoInfo",
        "decl": {
          "start": {
            "line": 52,
            "column": 22
          },
          "end": {
            "line": 52,
            "column": 36
          }
        },
        "loc": {
          "start": {
            "line": 52,
            "column": 55
          },
          "end": {
            "line": 69,
            "column": 1
          }
        },
        "line": 52
      },
      "6": {
        "name": "(anonymous_6)",
        "decl": {
          "start": {
            "line": 56,
            "column": 15
          },
          "end": {
            "line": 56,
            "column": 16
          }
        },
        "loc": {
          "start": {
            "line": 56,
            "column": 27
          },
          "end": {
            "line": 62,
            "column": 7
          }
        },
        "line": 56
      },
      "7": {
        "name": "useGenerateSummary",
        "decl": {
          "start": {
            "line": 71,
            "column": 16
          },
          "end": {
            "line": 71,
            "column": 34
          }
        },
        "loc": {
          "start": {
            "line": 71,
            "column": 59
          },
          "end": {
            "line": 88,
            "column": 1
          }
        },
        "line": 71
      },
      "8": {
        "name": "(anonymous_8)",
        "decl": {
          "start": {
            "line": 74,
            "column": 13
          },
          "end": {
            "line": 74,
            "column": 14
          }
        },
        "loc": {
          "start": {
            "line": 74,
            "column": 25
          },
          "end": {
            "line": 85,
            "column": 5
          }
        },
        "line": 74
      },
      "9": {
        "name": "useGenerateChapters",
        "decl": {
          "start": {
            "line": 90,
            "column": 16
          },
          "end": {
            "line": 90,
            "column": 35
          }
        },
        "loc": {
          "start": {
            "line": 90,
            "column": 60
          },
          "end": {
            "line": 107,
            "column": 1
          }
        },
        "line": 90
      },
      "10": {
        "name": "(anonymous_10)",
        "decl": {
          "start": {
            "line": 93,
            "column": 13
          },
          "end": {
            "line": 93,
            "column": 14
          }
        },
        "loc": {
          "start": {
            "line": 93,
            "column": 25
          },
          "end": {
            "line": 104,
            "column": 5
          }
        },
        "line": 93
      },
      "11": {
        "name": "useGenerateHighlights",
        "decl": {
          "start": {
            "line": 109,
            "column": 16
          },
          "end": {
            "line": 109,
            "column": 37
          }
        },
        "loc": {
          "start": {
            "line": 109,
            "column": 62
          },
          "end": {
            "line": 126,
            "column": 1
          }
        },
        "line": 109
      },
      "12": {
        "name": "(anonymous_12)",
        "decl": {
          "start": {
            "line": 112,
            "column": 13
          },
          "end": {
            "line": 112,
            "column": 14
          }
        },
        "loc": {
          "start": {
            "line": 112,
            "column": 25
          },
          "end": {
            "line": 123,
            "column": 5
          }
        },
        "line": 112
      },
      "13": {
        "name": "useGetTask",
        "decl": {
          "start": {
            "line": 128,
            "column": 16
          },
          "end": {
            "line": 128,
            "column": 26
          }
        },
        "loc": {
          "start": {
            "line": 128,
            "column": 35
          },
          "end": {
            "line": 142,
            "column": 1
          }
        },
        "line": 128
      },
      "14": {
        "name": "(anonymous_14)",
        "decl": {
          "start": {
            "line": 131,
            "column": 13
          },
          "end": {
            "line": 131,
            "column": 14
          }
        },
        "loc": {
          "start": {
            "line": 132,
            "column": 6
          },
          "end": {
            "line": 134,
            "column": 7
          }
        },
        "line": 132
      },
      "15": {
        "name": "(anonymous_15)",
        "decl": {
          "start": {
            "line": 133,
            "column": 8
          },
          "end": {
            "line": 133,
            "column": 9
          }
        },
        "loc": {
          "start": {
            "line": 133,
            "column": 17
          },
          "end": {
            "line": 133,
            "column": 25
          }
        },
        "line": 133
      },
      "16": {
        "name": "(anonymous_16)",
        "decl": {
          "start": {
            "line": 135,
            "column": 21
          },
          "end": {
            "line": 135,
            "column": 22
          }
        },
        "loc": {
          "start": {
            "line": 135,
            "column": 31
          },
          "end": {
            "line": 139,
            "column": 5
          }
        },
        "line": 135
      }
    },
    "branchMap": {
      "0": {
        "loc": {
          "start": {
            "line": 29,
            "column": 8
          },
          "end": {
            "line": 31,
            "column": 9
          }
        },
        "type": "if",
        "locations": [
          {
            "start": {
              "line": 29,
              "column": 8
            },
            "end": {
              "line": 31,
              "column": 9
            }
          },
          {
            "start": {
              "line": 29,
              "column": 8
            },
            "end": {
              "line": 31,
              "column": 9
            }
          }
        ],
        "line": 29
      },
      "1": {
        "loc": {
          "start": {
            "line": 36,
            "column": 8
          },
          "end": {
            "line": 38,
            "column": 9
          }
        },
        "type": "if",
        "locations": [
          {
            "start": {
              "line": 36,
              "column": 8
            },
            "end": {
              "line": 38,
              "column": 9
            }
          },
          {
            "start": {
              "line": 36,
              "column": 8
            },
            "end": {
              "line": 38,
              "column": 9
            }
          }
        ],
        "line": 36
      },
      "2": {
        "loc": {
          "start": {
            "line": 75,
            "column": 6
          },
          "end": {
            "line": 77,
            "column": 7
          }
        },
        "type": "if",
        "locations": [
          {
            "start": {
              "line": 75,
              "column": 6
            },
            "end": {
              "line": 77,
              "column": 7
            }
          },
          {
            "start": {
              "line": 75,
              "column": 6
            },
            "end": {
              "line": 77,
              "column": 7
            }
          }
        ],
        "line": 75
      },
      "3": {
        "loc": {
          "start": {
            "line": 94,
            "column": 6
          },
          "end": {
            "line": 96,
            "column": 7
          }
        },
        "type": "if",
        "locations": [
          {
            "start": {
              "line": 94,
              "column": 6
            },
            "end": {
              "line": 96,
              "column": 7
            }
          },
          {
            "start": {
              "line": 94,
              "column": 6
            },
            "end": {
              "line": 96,
              "column": 7
            }
          }
        ],
        "line": 94
      },
      "4": {
        "loc": {
          "start": {
            "line": 113,
            "column": 6
          },
          "end": {
            "line": 115,
            "column": 7
          }
        },
        "type": "if",
        "locations": [
          {
            "start": {
              "line": 113,
              "column": 6
            },
            "end": {
              "line": 115,
              "column": 7
            }
          },
          {
            "start": {
              "line": 113,
              "column": 6
            },
            "end": {
              "line": 115,
              "column": 7
            }
          }
        ],
        "line": 113
      },
      "5": {
        "loc": {
          "start": {
            "line": 136,
            "column": 13
          },
          "end": {
            "line": 138,
            "column": 14
          }
        },
        "type": "cond-expr",
        "locations": [
          {
            "start": {
              "line": 137,
              "column": 10
            },
            "end": {
              "line": 137,
              "column": 15
            }
          },
          {
            "start": {
              "line": 138,
              "column": 10
            },
            "end": {
              "line": 138,
              "column": 14
            }
          }
        ],
        "line": 136
      },
      "6": {
        "loc": {
          "start": {
            "line": 136,
            "column": 13
          },
          "end": {
            "line": 136,
            "column": 66
          }
        },
        "type": "binary-expr",
        "locations": [
          {
            "start": {
              "line": 136,
              "column": 13
            },
            "end": {
              "line": 136,
              "column": 37
            }
          },
          {
            "start": {
              "line": 136,
              "column": 41
            },
            "end": {
              "line": 136,
              "column": 66
            }
          }
        ],
        "line": 136
      }
    },
    "s": {
      "0": 4,
      "1": 6,
      "2": 6,
      "3": 4,
      "4": 0,
      "5": 12,
      "6": 6,
      "7": 6,
      "8": 0,
      "9": 6,
      "10": 3,
      "11": 0,
      "12": 3,
      "13": 0,
      "14": 0,
      "15": 1,
      "16": 1,
      "17": 1,
      "18": 0,
      "19": 0,
      "20": 0,
      "21": 1,
      "22": 1,
      "23": 10,
      "24": 2,
      "25": 2,
      "26": 0,
      "27": 0,
      "28": 0,
      "29": 8,
      "30": 2,
      "31": 2,
      "32": 0,
      "33": 0,
      "34": 0,
      "35": 6,
      "36": 2,
      "37": 2,
      "38": 0,
      "39": 0,
      "40": 0,
      "41": 0,
      "42": 0,
      "43": 0,
      "44": 0
    },
    "f": {
      "0": 4,
      "1": 6,
      "2": 12,
      "3": 6,
      "4": 0,
      "5": 1,
      "6": 1,
      "7": 10,
      "8": 2,
      "9": 8,
      "10": 2,
      "11": 6,
      "12": 2,
      "13": 0,
      "14": 0,
      "15": 0,
      "16": 0
    },
    "b": {
      "0": [
        0,
        6
      ],
      "1": [
        0,
        3
      ],
      "2": [
        2,
        0
      ],
      "3": [
        2,
        0
      ],
      "4": [
        2,
        0
      ],
      "5": [
        0,
        0
      ],
      "6": [
        0,
        0
      ]
    },
    "_coverageSchema": "1a1c01bbd47fc00a2c39e90264f33305004495a9",
    "hash": "4ae93f45aca5e48f5a8e5a6cf7a5cdf4270a4b79"
  },
  "/Users/Miranda/twelveLabs/Get-Inspiration-V2/src/Task.js": {
    "path": "/Users/Miranda/twelveLabs/Get-Inspiration-V2/src/Task.js",
    "statementMap": {
      "0": {
        "start": {
          "line": 15,
          "column": 19
        },
        "end": {
          "line": 15,
          "column": 37
        }
      },
      "1": {
        "start": {
          "line": 17,
          "column": 22
        },
        "end": {
          "line": 17,
          "column": 38
        }
      },
      "2": {
        "start": {
          "line": 19,
          "column": 2
        },
        "end": {
          "line": 24,
          "column": 26
        }
      },
      "3": {
        "start": {
          "line": 20,
          "column": 4
        },
        "end": {
          "line": 23,
          "column": 5
        }
      },
      "4": {
        "start": {
          "line": 21,
          "column": 6
        },
        "end": {
          "line": 21,
          "column": 25
        }
      },
      "5": {
        "start": {
          "line": 22,
          "column": 6
        },
        "end": {
          "line": 22,
          "column": 22
        }
      },
      "6": {
        "start": {
          "line": 26,
          "column": 2
        },
        "end": {
          "line": 30,
          "column": 39
        }
      },
      "7": {
        "start": {
          "line": 27,
          "column": 4
        },
        "end": {
          "line": 29,
          "column": 7
        }
      },
      "8": {
        "start": {
          "line": 32,
          "column": 2
        },
        "end": {
          "line": 43,
          "column": 4
        }
      }
    },
    "fnMap": {
      "0": {
        "name": "Task",
        "decl": {
          "start": {
            "line": 14,
            "column": 16
          },
          "end": {
            "line": 14,
            "column": 20
          }
        },
        "loc": {
          "start": {
            "line": 14,
            "column": 62
          },
          "end": {
            "line": 44,
            "column": 1
          }
        },
        "line": 14
      },
      "1": {
        "name": "(anonymous_1)",
        "decl": {
          "start": {
            "line": 19,
            "column": 12
          },
          "end": {
            "line": 19,
            "column": 13
          }
        },
        "loc": {
          "start": {
            "line": 19,
            "column": 18
          },
          "end": {
            "line": 24,
            "column": 3
          }
        },
        "line": 19
      },
      "2": {
        "name": "(anonymous_2)",
        "decl": {
          "start": {
            "line": 26,
            "column": 12
          },
          "end": {
            "line": 26,
            "column": 13
          }
        },
        "loc": {
          "start": {
            "line": 26,
            "column": 18
          },
          "end": {
            "line": 30,
            "column": 3
          }
        },
        "line": 26
      }
    },
    "branchMap": {
      "0": {
        "loc": {
          "start": {
            "line": 20,
            "column": 4
          },
          "end": {
            "line": 23,
            "column": 5
          }
        },
        "type": "if",
        "locations": [
          {
            "start": {
              "line": 20,
              "column": 4
            },
            "end": {
              "line": 23,
              "column": 5
            }
          },
          {
            "start": {
              "line": 20,
              "column": 4
            },
            "end": {
              "line": 23,
              "column": 5
            }
          }
        ],
        "line": 20
      },
      "1": {
        "loc": {
          "start": {
            "line": 20,
            "column": 8
          },
          "end": {
            "line": 20,
            "column": 69
          }
        },
        "type": "binary-expr",
        "locations": [
          {
            "start": {
              "line": 20,
              "column": 8
            },
            "end": {
              "line": 20,
              "column": 12
            }
          },
          {
            "start": {
              "line": 20,
              "column": 17
            },
            "end": {
              "line": 20,
              "column": 40
            }
          },
          {
            "start": {
              "line": 20,
              "column": 44
            },
            "end": {
              "line": 20,
              "column": 68
            }
          }
        ],
        "line": 20
      },
      "2": {
        "loc": {
          "start": {
            "line": 38,
            "column": 13
          },
          "end": {
            "line": 38,
            "column": 61
          }
        },
        "type": "cond-expr",
        "locations": [
          {
            "start": {
              "line": 38,
              "column": 35
            },
            "end": {
              "line": 38,
              "column": 54
            }
          },
          {
            "start": {
              "line": 38,
              "column": 57
            },
            "end": {
              "line": 38,
              "column": 61
            }
          }
        ],
        "line": 38
      },
      "3": {
        "loc": {
          "start": {
            "line": 38,
            "column": 13
          },
          "end": {
            "line": 38,
            "column": 32
          }
        },
        "type": "binary-expr",
        "locations": [
          {
            "start": {
              "line": 38,
              "column": 13
            },
            "end": {
              "line": 38,
              "column": 17
            }
          },
          {
            "start": {
              "line": 38,
              "column": 21
            },
            "end": {
              "line": 38,
              "column": 32
            }
          }
        ],
        "line": 38
      }
    },
    "s": {
      "0": 0,
      "1": 0,
      "2": 0,
      "3": 0,
      "4": 0,
      "5": 0,
      "6": 0,
      "7": 0,
      "8": 0
    },
    "f": {
      "0": 0,
      "1": 0,
      "2": 0
    },
    "b": {
      "0": [
        0,
        0
      ],
      "1": [
        0,
        0,
        0
      ],
      "2": [
        0,
        0
      ],
      "3": [
        0,
        0
      ]
    },
    "_coverageSchema": "1a1c01bbd47fc00a2c39e90264f33305004495a9",
    "hash": "380774f08bb7119f23ab7c475247a553676c9256"
  },
  "/Users/Miranda/twelveLabs/Get-Inspiration-V2/src/ErrorFallback.js": {
    "path": "/Users/Miranda/twelveLabs/Get-Inspiration-V2/src/ErrorFallback.js",
    "statementMap": {
      "0": {
        "start": {
          "line": 8,
          "column": 4
        },
        "end": {
          "line": 8,
          "column": 29
        }
      },
      "1": {
        "start": {
          "line": 11,
          "column": 2
        },
        "end": {
          "line": 32,
          "column": 4
        }
      }
    },
    "fnMap": {
      "0": {
        "name": "ErrorFallback",
        "decl": {
          "start": {
            "line": 6,
            "column": 9
          },
          "end": {
            "line": 6,
            "column": 22
          }
        },
        "loc": {
          "start": {
            "line": 6,
            "column": 34
          },
          "end": {
            "line": 33,
            "column": 1
          }
        },
        "line": 6
      },
      "1": {
        "name": "handleGoBack",
        "decl": {
          "start": {
            "line": 7,
            "column": 11
          },
          "end": {
            "line": 7,
            "column": 23
          }
        },
        "loc": {
          "start": {
            "line": 7,
            "column": 26
          },
          "end": {
            "line": 9,
            "column": 3
          }
        },
        "line": 7
      }
    },
    "branchMap": {
      "0": {
        "loc": {
          "start": {
            "line": 20,
            "column": 11
          },
          "end": {
            "line": 20,
            "column": 44
          }
        },
        "type": "binary-expr",
        "locations": [
          {
            "start": {
              "line": 20,
              "column": 11
            },
            "end": {
              "line": 20,
              "column": 25
            }
          },
          {
            "start": {
              "line": 20,
              "column": 29
            },
            "end": {
              "line": 20,
              "column": 44
            }
          }
        ],
        "line": 20
      }
    },
    "s": {
      "0": 0,
      "1": 0
    },
    "f": {
      "0": 0,
      "1": 0
    },
    "b": {
      "0": [
        0,
        0
      ]
    },
    "_coverageSchema": "1a1c01bbd47fc00a2c39e90264f33305004495a9",
    "hash": "41e1b457a81ebde52b714ac5b5db1fbb2b29b22f"
  },
  "/Users/Miranda/twelveLabs/Get-Inspiration-V2/src/ErrorBoundary.js": {
    "path": "/Users/Miranda/twelveLabs/Get-Inspiration-V2/src/ErrorBoundary.js",
    "statementMap": {
      "0": {
        "start": {
          "line": 6,
          "column": 4
        },
        "end": {
          "line": 6,
          "column": 17
        }
      },
      "1": {
        "start": {
          "line": 7,
          "column": 4
        },
        "end": {
          "line": 7,
          "column": 50
        }
      },
      "2": {
        "start": {
          "line": 11,
          "column": 4
        },
        "end": {
          "line": 11,
          "column": 37
        }
      },
      "3": {
        "start": {
          "line": 15,
          "column": 4
        },
        "end": {
          "line": 15,
          "column": 39
        }
      },
      "4": {
        "start": {
          "line": 19,
          "column": 4
        },
        "end": {
          "line": 21,
          "column": 5
        }
      },
      "5": {
        "start": {
          "line": 20,
          "column": 6
        },
        "end": {
          "line": 20,
          "column": 56
        }
      },
      "6": {
        "start": {
          "line": 22,
          "column": 4
        },
        "end": {
          "line": 22,
          "column": 31
        }
      }
    },
    "fnMap": {
      "0": {
        "name": "(anonymous_0)",
        "decl": {
          "start": {
            "line": 5,
            "column": 2
          },
          "end": {
            "line": 5,
            "column": 3
          }
        },
        "loc": {
          "start": {
            "line": 5,
            "column": 21
          },
          "end": {
            "line": 8,
            "column": 3
          }
        },
        "line": 5
      },
      "1": {
        "name": "(anonymous_1)",
        "decl": {
          "start": {
            "line": 10,
            "column": 2
          },
          "end": {
            "line": 10,
            "column": 3
          }
        },
        "loc": {
          "start": {
            "line": 10,
            "column": 41
          },
          "end": {
            "line": 12,
            "column": 3
          }
        },
        "line": 10
      },
      "2": {
        "name": "(anonymous_2)",
        "decl": {
          "start": {
            "line": 14,
            "column": 2
          },
          "end": {
            "line": 14,
            "column": 3
          }
        },
        "loc": {
          "start": {
            "line": 14,
            "column": 33
          },
          "end": {
            "line": 16,
            "column": 3
          }
        },
        "line": 14
      },
      "3": {
        "name": "(anonymous_3)",
        "decl": {
          "start": {
            "line": 18,
            "column": 2
          },
          "end": {
            "line": 18,
            "column": 3
          }
        },
        "loc": {
          "start": {
            "line": 18,
            "column": 11
          },
          "end": {
            "line": 23,
            "column": 3
          }
        },
        "line": 18
      }
    },
    "branchMap": {
      "0": {
        "loc": {
          "start": {
            "line": 19,
            "column": 4
          },
          "end": {
            "line": 21,
            "column": 5
          }
        },
        "type": "if",
        "locations": [
          {
            "start": {
              "line": 19,
              "column": 4
            },
            "end": {
              "line": 21,
              "column": 5
            }
          },
          {
            "start": {
              "line": 19,
              "column": 4
            },
            "end": {
              "line": 21,
              "column": 5
            }
          }
        ],
        "line": 19
      }
    },
    "s": {
      "0": 20,
      "1": 20,
      "2": 0,
      "3": 0,
      "4": 37,
      "5": 0,
      "6": 37
    },
    "f": {
      "0": 20,
      "1": 0,
      "2": 0,
      "3": 37
    },
    "b": {
      "0": [
        0,
        37
      ]
    },
    "_coverageSchema": "1a1c01bbd47fc00a2c39e90264f33305004495a9",
    "hash": "d4041da0cadfc7edaeced5fefd029169fe341971"
  },
  "/Users/Miranda/twelveLabs/Get-Inspiration-V2/src/VideoUrlUploadForm.js": {
    "path": "/Users/Miranda/twelveLabs/Get-Inspiration-V2/src/VideoUrlUploadForm.js",
    "statementMap": {
      "0": {
        "start": {
          "line": 25,
          "column": 34
        },
        "end": {
          "line": 25,
          "column": 48
        }
      },
      "1": {
        "start": {
          "line": 26,
          "column": 30
        },
        "end": {
          "line": 26,
          "column": 44
        }
      },
      "2": {
        "start": {
          "line": 27,
          "column": 28
        },
        "end": {
          "line": 27,
          "column": 42
        }
      },
      "3": {
        "start": {
          "line": 28,
          "column": 19
        },
        "end": {
          "line": 28,
          "column": 31
        }
      },
      "4": {
        "start": {
          "line": 30,
          "column": 22
        },
        "end": {
          "line": 32,
          "column": 3
        }
      },
      "5": {
        "start": {
          "line": 31,
          "column": 4
        },
        "end": {
          "line": 31,
          "column": 27
        }
      },
      "6": {
        "start": {
          "line": 34,
          "column": 22
        },
        "end": {
          "line": 34,
          "column": 38
        }
      },
      "7": {
        "start": {
          "line": 38,
          "column": 18
        },
        "end": {
          "line": 38,
          "column": 28
        }
      },
      "8": {
        "start": {
          "line": 39,
          "column": 4
        },
        "end": {
          "line": 39,
          "column": 29
        }
      },
      "9": {
        "start": {
          "line": 40,
          "column": 4
        },
        "end": {
          "line": 40,
          "column": 19
        }
      },
      "10": {
        "start": {
          "line": 45,
          "column": 21
        },
        "end": {
          "line": 45,
          "column": 59
        }
      },
      "11": {
        "start": {
          "line": 46,
          "column": 4
        },
        "end": {
          "line": 46,
          "column": 20
        }
      },
      "12": {
        "start": {
          "line": 51,
          "column": 4
        },
        "end": {
          "line": 71,
          "column": 5
        }
      },
      "13": {
        "start": {
          "line": 52,
          "column": 6
        },
        "end": {
          "line": 70,
          "column": 7
        }
      },
      "14": {
        "start": {
          "line": 53,
          "column": 21
        },
        "end": {
          "line": 56,
          "column": 9
        }
      },
      "15": {
        "start": {
          "line": 57,
          "column": 25
        },
        "end": {
          "line": 65,
          "column": 9
        }
      },
      "16": {
        "start": {
          "line": 66,
          "column": 23
        },
        "end": {
          "line": 66,
          "column": 40
        }
      },
      "17": {
        "start": {
          "line": 67,
          "column": 8
        },
        "end": {
          "line": 67,
          "column": 26
        }
      },
      "18": {
        "start": {
          "line": 69,
          "column": 8
        },
        "end": {
          "line": 69,
          "column": 32
        }
      },
      "19": {
        "start": {
          "line": 76,
          "column": 4
        },
        "end": {
          "line": 76,
          "column": 25
        }
      },
      "20": {
        "start": {
          "line": 77,
          "column": 4
        },
        "end": {
          "line": 87,
          "column": 5
        }
      },
      "21": {
        "start": {
          "line": 78,
          "column": 6
        },
        "end": {
          "line": 80,
          "column": 7
        }
      },
      "22": {
        "start": {
          "line": 79,
          "column": 8
        },
        "end": {
          "line": 79,
          "column": 58
        }
      },
      "23": {
        "start": {
          "line": 81,
          "column": 24
        },
        "end": {
          "line": 81,
          "column": 52
        }
      },
      "24": {
        "start": {
          "line": 82,
          "column": 6
        },
        "end": {
          "line": 82,
          "column": 30
        }
      },
      "25": {
        "start": {
          "line": 83,
          "column": 6
        },
        "end": {
          "line": 83,
          "column": 34
        }
      },
      "26": {
        "start": {
          "line": 84,
          "column": 6
        },
        "end": {
          "line": 84,
          "column": 21
        }
      },
      "27": {
        "start": {
          "line": 86,
          "column": 6
        },
        "end": {
          "line": 86,
          "column": 30
        }
      },
      "28": {
        "start": {
          "line": 90,
          "column": 2
        },
        "end": {
          "line": 94,
          "column": 18
        }
      },
      "29": {
        "start": {
          "line": 91,
          "column": 4
        },
        "end": {
          "line": 93,
          "column": 5
        }
      },
      "30": {
        "start": {
          "line": 92,
          "column": 6
        },
        "end": {
          "line": 92,
          "column": 26
        }
      },
      "31": {
        "start": {
          "line": 96,
          "column": 2
        },
        "end": {
          "line": 144,
          "column": 4
        }
      }
    },
    "fnMap": {
      "0": {
        "name": "VideoUrlUploadForm",
        "decl": {
          "start": {
            "line": 18,
            "column": 16
          },
          "end": {
            "line": 18,
            "column": 34
          }
        },
        "loc": {
          "start": {
            "line": 24,
            "column": 3
          },
          "end": {
            "line": 145,
            "column": 1
          }
        },
        "line": 24
      },
      "1": {
        "name": "(anonymous_1)",
        "decl": {
          "start": {
            "line": 30,
            "column": 22
          },
          "end": {
            "line": 30,
            "column": 23
          }
        },
        "loc": {
          "start": {
            "line": 30,
            "column": 31
          },
          "end": {
            "line": 32,
            "column": 3
          }
        },
        "line": 30
      },
      "2": {
        "name": "handleChange",
        "decl": {
          "start": {
            "line": 37,
            "column": 11
          },
          "end": {
            "line": 37,
            "column": 23
          }
        },
        "loc": {
          "start": {
            "line": 37,
            "column": 29
          },
          "end": {
            "line": 41,
            "column": 3
          }
        },
        "line": 37
      },
      "3": {
        "name": "getVideoInfo",
        "decl": {
          "start": {
            "line": 44,
            "column": 17
          },
          "end": {
            "line": 44,
            "column": 29
          }
        },
        "loc": {
          "start": {
            "line": 44,
            "column": 35
          },
          "end": {
            "line": 47,
            "column": 3
          }
        },
        "line": 44
      },
      "4": {
        "name": "indexYouTubeVideo",
        "decl": {
          "start": {
            "line": 50,
            "column": 17
          },
          "end": {
            "line": 50,
            "column": 34
          }
        },
        "loc": {
          "start": {
            "line": 50,
            "column": 37
          },
          "end": {
            "line": 72,
            "column": 3
          }
        },
        "line": 50
      },
      "5": {
        "name": "handleSubmit",
        "decl": {
          "start": {
            "line": 75,
            "column": 17
          },
          "end": {
            "line": 75,
            "column": 29
          }
        },
        "loc": {
          "start": {
            "line": 75,
            "column": 35
          },
          "end": {
            "line": 88,
            "column": 3
          }
        },
        "line": 75
      },
      "6": {
        "name": "(anonymous_6)",
        "decl": {
          "start": {
            "line": 90,
            "column": 12
          },
          "end": {
            "line": 90,
            "column": 13
          }
        },
        "loc": {
          "start": {
            "line": 90,
            "column": 18
          },
          "end": {
            "line": 94,
            "column": 3
          }
        },
        "line": 90
      }
    },
    "branchMap": {
      "0": {
        "loc": {
          "start": {
            "line": 51,
            "column": 4
          },
          "end": {
            "line": 71,
            "column": 5
          }
        },
        "type": "if",
        "locations": [
          {
            "start": {
              "line": 51,
              "column": 4
            },
            "end": {
              "line": 71,
              "column": 5
            }
          },
          {
            "start": {
              "line": 51,
              "column": 4
            },
            "end": {
              "line": 71,
              "column": 5
            }
          }
        ],
        "line": 51
      },
      "1": {
        "loc": {
          "start": {
            "line": 78,
            "column": 6
          },
          "end": {
            "line": 80,
            "column": 7
          }
        },
        "type": "if",
        "locations": [
          {
            "start": {
              "line": 78,
              "column": 6
            },
            "end": {
              "line": 80,
              "column": 7
            }
          },
          {
            "start": {
              "line": 78,
              "column": 6
            },
            "end": {
              "line": 80,
              "column": 7
            }
          }
        ],
        "line": 78
      },
      "2": {
        "loc": {
          "start": {
            "line": 91,
            "column": 4
          },
          "end": {
            "line": 93,
            "column": 5
          }
        },
        "type": "if",
        "locations": [
          {
            "start": {
              "line": 91,
              "column": 4
            },
            "end": {
              "line": 93,
              "column": 5
            }
          },
          {
            "start": {
              "line": 91,
              "column": 4
            },
            "end": {
              "line": 93,
              "column": 5
            }
          }
        ],
        "line": 91
      },
      "3": {
        "loc": {
          "start": {
            "line": 113,
            "column": 20
          },
          "end": {
            "line": 113,
            "column": 67
          }
        },
        "type": "binary-expr",
        "locations": [
          {
            "start": {
              "line": 113,
              "column": 20
            },
            "end": {
              "line": 113,
              "column": 29
            }
          },
          {
            "start": {
              "line": 113,
              "column": 33
            },
            "end": {
              "line": 113,
              "column": 67
            }
          }
        ],
        "line": 113
      },
      "4": {
        "loc": {
          "start": {
            "line": 120,
            "column": 11
          },
          "end": {
            "line": 139,
            "column": 11
          }
        },
        "type": "binary-expr",
        "locations": [
          {
            "start": {
              "line": 120,
              "column": 11
            },
            "end": {
              "line": 120,
              "column": 20
            }
          },
          {
            "start": {
              "line": 121,
              "column": 12
            },
            "end": {
              "line": 138,
              "column": 18
            }
          }
        ],
        "line": 120
      },
      "5": {
        "loc": {
          "start": {
            "line": 128,
            "column": 17
          },
          "end": {
            "line": 128,
            "column": 43
          }
        },
        "type": "binary-expr",
        "locations": [
          {
            "start": {
              "line": 128,
              "column": 17
            },
            "end": {
              "line": 128,
              "column": 24
            }
          },
          {
            "start": {
              "line": 128,
              "column": 28
            },
            "end": {
              "line": 128,
              "column": 43
            }
          }
        ],
        "line": 128
      },
      "6": {
        "loc": {
          "start": {
            "line": 130,
            "column": 15
          },
          "end": {
            "line": 137,
            "column": 15
          }
        },
        "type": "binary-expr",
        "locations": [
          {
            "start": {
              "line": 130,
              "column": 15
            },
            "end": {
              "line": 130,
              "column": 21
            }
          },
          {
            "start": {
              "line": 131,
              "column": 16
            },
            "end": {
              "line": 136,
              "column": 18
            }
          }
        ],
        "line": 130
      },
      "7": {
        "loc": {
          "start": {
            "line": 142,
            "column": 7
          },
          "end": {
            "line": 142,
            "column": 78
          }
        },
        "type": "binary-expr",
        "locations": [
          {
            "start": {
              "line": 142,
              "column": 7
            },
            "end": {
              "line": 142,
              "column": 12
            }
          },
          {
            "start": {
              "line": 142,
              "column": 16
            },
            "end": {
              "line": 142,
              "column": 78
            }
          }
        ],
        "line": 142
      }
    },
    "s": {
      "0": 21,
      "1": 21,
      "2": 21,
      "3": 21,
      "4": 21,
      "5": 28,
      "6": 21,
      "7": 9,
      "8": 9,
      "9": 9,
      "10": 1,
      "11": 0,
      "12": 0,
      "13": 0,
      "14": 0,
      "15": 0,
      "16": 0,
      "17": 0,
      "18": 0,
      "19": 2,
      "20": 2,
      "21": 2,
      "22": 1,
      "23": 1,
      "24": 0,
      "25": 0,
      "26": 0,
      "27": 2,
      "28": 21,
      "29": 2,
      "30": 0,
      "31": 21
    },
    "f": {
      "0": 21,
      "1": 28,
      "2": 9,
      "3": 1,
      "4": 0,
      "5": 2,
      "6": 2
    },
    "b": {
      "0": [
        0,
        0
      ],
      "1": [
        1,
        1
      ],
      "2": [
        0,
        2
      ],
      "3": [
        21,
        21
      ],
      "4": [
        21,
        0
      ],
      "5": [
        0,
        0
      ],
      "6": [
        0,
        0
      ],
      "7": [
        21,
        2
      ]
    },
    "_coverageSchema": "1a1c01bbd47fc00a2c39e90264f33305004495a9",
    "hash": "87b949427687c06ef73bed08ae6ad5e82afe0977"
  },
  "/Users/Miranda/twelveLabs/Get-Inspiration-V2/src/Result.js": {
    "path": "/Users/Miranda/twelveLabs/Get-Inspiration-V2/src/Result.js",
    "statementMap": {
      "0": {
        "start": {
          "line": 27,
          "column": 33
        },
        "end": {
          "line": 31,
          "column": 3
        }
      },
      "1": {
        "start": {
          "line": 32,
          "column": 33
        },
        "end": {
          "line": 36,
          "column": 3
        }
      },
      "2": {
        "start": {
          "line": 37,
          "column": 33
        },
        "end": {
          "line": 41,
          "column": 3
        }
      },
      "3": {
        "start": {
          "line": 42,
          "column": 22
        },
        "end": {
          "line": 42,
          "column": 38
        }
      },
      "4": {
        "start": {
          "line": 44,
          "column": 2
        },
        "end": {
          "line": 52,
          "column": 67
        }
      },
      "5": {
        "start": {
          "line": 45,
          "column": 4
        },
        "end": {
          "line": 51,
          "column": 7
        }
      },
      "6": {
        "start": {
          "line": 56,
          "column": 18
        },
        "end": {
          "line": 56,
          "column": 50
        }
      },
      "7": {
        "start": {
          "line": 57,
          "column": 20
        },
        "end": {
          "line": 57,
          "column": 59
        }
      },
      "8": {
        "start": {
          "line": 58,
          "column": 20
        },
        "end": {
          "line": 58,
          "column": 50
        }
      },
      "9": {
        "start": {
          "line": 59,
          "column": 26
        },
        "end": {
          "line": 61,
          "column": 64
        }
      },
      "10": {
        "start": {
          "line": 62,
          "column": 4
        },
        "end": {
          "line": 62,
          "column": 25
        }
      },
      "11": {
        "start": {
          "line": 65,
          "column": 2
        },
        "end": {
          "line": 164,
          "column": 4
        }
      },
      "12": {
        "start": {
          "line": 87,
          "column": 18
        },
        "end": {
          "line": 113,
          "column": 24
        }
      },
      "13": {
        "start": {
          "line": 131,
          "column": 18
        },
        "end": {
          "line": 151,
          "column": 24
        }
      }
    },
    "fnMap": {
      "0": {
        "name": "Result",
        "decl": {
          "start": {
            "line": 20,
            "column": 16
          },
          "end": {
            "line": 20,
            "column": 22
          }
        },
        "loc": {
          "start": {
            "line": 26,
            "column": 3
          },
          "end": {
            "line": 165,
            "column": 1
          }
        },
        "line": 26
      },
      "1": {
        "name": "(anonymous_1)",
        "decl": {
          "start": {
            "line": 44,
            "column": 12
          },
          "end": {
            "line": 44,
            "column": 13
          }
        },
        "loc": {
          "start": {
            "line": 44,
            "column": 18
          },
          "end": {
            "line": 52,
            "column": 3
          }
        },
        "line": 44
      },
      "2": {
        "name": "formatTime",
        "decl": {
          "start": {
            "line": 55,
            "column": 11
          },
          "end": {
            "line": 55,
            "column": 21
          }
        },
        "loc": {
          "start": {
            "line": 55,
            "column": 37
          },
          "end": {
            "line": 63,
            "column": 3
          }
        },
        "line": 55
      },
      "3": {
        "name": "(anonymous_3)",
        "decl": {
          "start": {
            "line": 86,
            "column": 42
          },
          "end": {
            "line": 86,
            "column": 43
          }
        },
        "loc": {
          "start": {
            "line": 87,
            "column": 18
          },
          "end": {
            "line": 113,
            "column": 24
          }
        },
        "line": 87
      },
      "4": {
        "name": "(anonymous_4)",
        "decl": {
          "start": {
            "line": 130,
            "column": 44
          },
          "end": {
            "line": 130,
            "column": 45
          }
        },
        "loc": {
          "start": {
            "line": 131,
            "column": 18
          },
          "end": {
            "line": 151,
            "column": 24
          }
        },
        "line": 131
      }
    },
    "branchMap": {
      "0": {
        "loc": {
          "start": {
            "line": 30,
            "column": 12
          },
          "end": {
            "line": 30,
            "column": 59
          }
        },
        "type": "binary-expr",
        "locations": [
          {
            "start": {
              "line": 30,
              "column": 12
            },
            "end": {
              "line": 30,
              "column": 22
            }
          },
          {
            "start": {
              "line": 30,
              "column": 26
            },
            "end": {
              "line": 30,
              "column": 44
            }
          },
          {
            "start": {
              "line": 30,
              "column": 48
            },
            "end": {
              "line": 30,
              "column": 59
            }
          }
        ],
        "line": 30
      },
      "1": {
        "loc": {
          "start": {
            "line": 35,
            "column": 12
          },
          "end": {
            "line": 35,
            "column": 59
          }
        },
        "type": "binary-expr",
        "locations": [
          {
            "start": {
              "line": 35,
              "column": 12
            },
            "end": {
              "line": 35,
              "column": 22
            }
          },
          {
            "start": {
              "line": 35,
              "column": 26
            },
            "end": {
              "line": 35,
              "column": 44
            }
          },
          {
            "start": {
              "line": 35,
              "column": 48
            },
            "end": {
              "line": 35,
              "column": 59
            }
          }
        ],
        "line": 35
      },
      "2": {
        "loc": {
          "start": {
            "line": 40,
            "column": 12
          },
          "end": {
            "line": 40,
            "column": 59
          }
        },
        "type": "binary-expr",
        "locations": [
          {
            "start": {
              "line": 40,
              "column": 12
            },
            "end": {
              "line": 40,
              "column": 22
            }
          },
          {
            "start": {
              "line": 40,
              "column": 26
            },
            "end": {
              "line": 40,
              "column": 44
            }
          },
          {
            "start": {
              "line": 40,
              "column": 48
            },
            "end": {
              "line": 40,
              "column": 59
            }
          }
        ],
        "line": 40
      },
      "3": {
        "loc": {
          "start": {
            "line": 68,
            "column": 9
          },
          "end": {
            "line": 79,
            "column": 9
          }
        },
        "type": "binary-expr",
        "locations": [
          {
            "start": {
              "line": 68,
              "column": 9
            },
            "end": {
              "line": 68,
              "column": 27
            }
          },
          {
            "start": {
              "line": 68,
              "column": 31
            },
            "end": {
              "line": 68,
              "column": 42
            }
          },
          {
            "start": {
              "line": 69,
              "column": 10
            },
            "end": {
              "line": 78,
              "column": 16
            }
          }
        ],
        "line": 68
      },
      "4": {
        "loc": {
          "start": {
            "line": 71,
            "column": 13
          },
          "end": {
            "line": 77,
            "column": 13
          }
        },
        "type": "cond-expr",
        "locations": [
          {
            "start": {
              "line": 72,
              "column": 14
            },
            "end": {
              "line": 74,
              "column": 20
            }
          },
          {
            "start": {
              "line": 76,
              "column": 14
            },
            "end": {
              "line": 76,
              "column": 32
            }
          }
        ],
        "line": 71
      },
      "5": {
        "loc": {
          "start": {
            "line": 80,
            "column": 9
          },
          "end": {
            "line": 123,
            "column": 9
          }
        },
        "type": "binary-expr",
        "locations": [
          {
            "start": {
              "line": 80,
              "column": 9
            },
            "end": {
              "line": 80,
              "column": 27
            }
          },
          {
            "start": {
              "line": 80,
              "column": 31
            },
            "end": {
              "line": 80,
              "column": 42
            }
          },
          {
            "start": {
              "line": 81,
              "column": 10
            },
            "end": {
              "line": 122,
              "column": 16
            }
          }
        ],
        "line": 80
      },
      "6": {
        "loc": {
          "start": {
            "line": 84,
            "column": 15
          },
          "end": {
            "line": 114,
            "column": 18
          }
        },
        "type": "binary-expr",
        "locations": [
          {
            "start": {
              "line": 84,
              "column": 15
            },
            "end": {
              "line": 84,
              "column": 27
            }
          },
          {
            "start": {
              "line": 85,
              "column": 16
            },
            "end": {
              "line": 85,
              "column": 52
            }
          },
          {
            "start": {
              "line": 86,
              "column": 16
            },
            "end": {
              "line": 114,
              "column": 18
            }
          }
        ],
        "line": 84
      },
      "7": {
        "loc": {
          "start": {
            "line": 92,
            "column": 27
          },
          "end": {
            "line": 92,
            "column": 68
          }
        },
[...]
          "column": 6
        },
        "end": {
          "line": 67,
          "column": 9
        }
      },
      "21": {
        "start": {
          "line": 69,
          "column": 4
        },
        "end": {
          "line": 69,
          "column": 16
        }
      },
      "22": {
        "start": {
          "line": 72,
          "column": 2
        },
        "end": {
          "line": 152,
          "column": 4
        }
      }
    },
    "fnMap": {
      "0": {
        "name": "SummarizeVideo",
        "decl": {
          "start": {
            "line": 21,
            "column": 16
          },
          "end": {
            "line": 21,
            "column": 30
          }
        },
        "loc": {
          "start": {
            "line": 21,
            "column": 66
          },
          "end": {
            "line": 153,
            "column": 1
          }
        },
        "line": 21
      },
      "1": {
        "name": "decodeAndCleanFilename",
        "decl": {
          "start": {
            "line": 43,
            "column": 11
          },
          "end": {
            "line": 43,
            "column": 33
          }
        },
        "loc": {
          "start": {
            "line": 43,
            "column": 44
          },
          "end": {
            "line": 49,
            "column": 3
          }
        },
        "line": 43
      },
      "2": {
        "name": "resetPrompts",
        "decl": {
          "start": {
            "line": 51,
            "column": 17
          },
          "end": {
            "line": 51,
            "column": 29
          }
        },
        "loc": {
          "start": {
            "line": 51,
            "column": 32
          },
          "end": {
            "line": 61,
            "column": 3
          }
        },
        "line": 51
      },
      "3": {
        "name": "(anonymous_3)",
        "decl": {
          "start": {
            "line": 63,
            "column": 12
          },
          "end": {
            "line": 63,
            "column": 13
          }
        },
        "loc": {
          "start": {
            "line": 63,
            "column": 18
          },
          "end": {
            "line": 70,
            "column": 3
          }
        },
        "line": 63
      },
      "4": {
        "name": "(anonymous_4)",
        "decl": {
          "start": {
            "line": 64,
            "column": 22
          },
          "end": {
            "line": 64,
            "column": 23
          }
        },
        "loc": {
          "start": {
            "line": 64,
            "column": 34
          },
          "end": {
            "line": 68,
            "column": 5
          }
        },
        "line": 64
      }
    },
    "branchMap": {
      "0": {
        "loc": {
          "start": {
            "line": 82,
            "column": 7
          },
          "end": {
            "line": 95,
            "column": 7
          }
        },
        "type": "binary-expr",
        "locations": [
          {
            "start": {
              "line": 82,
              "column": 7
            },
            "end": {
              "line": 82,
              "column": 13
            }
          },
          {
            "start": {
              "line": 83,
              "column": 8
            },
            "end": {
              "line": 94,
              "column": 14
            }
          }
        ],
        "line": 82
      },
      "1": {
        "loc": {
          "start": {
            "line": 96,
            "column": 7
          },
          "end": {
            "line": 150,
            "column": 7
          }
        },
        "type": "binary-expr",
        "locations": [
          {
            "start": {
              "line": 96,
              "column": 7
            },
            "end": {
              "line": 96,
              "column": 17
            }
          },
          {
            "start": {
              "line": 97,
              "column": 8
            },
            "end": {
              "line": 149,
              "column": 11
            }
          }
        ],
        "line": 96
      },
      "2": {
        "loc": {
          "start": {
            "line": 99,
            "column": 13
          },
          "end": {
            "line": 99,
            "column": 44
          }
        },
        "type": "binary-expr",
        "locations": [
          {
            "start": {
              "line": 99,
              "column": 13
            },
            "end": {
              "line": 99,
              "column": 22
            }
          },
          {
            "start": {
              "line": 99,
              "column": 26
            },
            "end": {
              "line": 99,
              "column": 44
            }
          }
        ],
        "line": 99
      },
      "3": {
        "loc": {
          "start": {
            "line": 100,
            "column": 13
          },
          "end": {
            "line": 106,
            "column": 13
          }
        },
        "type": "binary-expr",
        "locations": [
          {
            "start": {
              "line": 100,
              "column": 13
            },
            "end": {
              "line": 100,
              "column": 18
            }
          },
          {
            "start": {
              "line": 101,
              "column": 14
            },
            "end": {
              "line": 105,
              "column": 16
            }
          }
        ],
        "line": 100
      },
      "4": {
        "loc": {
          "start": {
            "line": 102,
            "column": 21
          },
          "end": {
            "line": 102,
            "column": 61
          }
        },
        "type": "binary-expr",
        "locations": [
          {
            "start": {
              "line": 102,
              "column": 21
            },
            "end": {
              "line": 102,
              "column": 38
            }
          },
          {
            "start": {
              "line": 102,
              "column": 42
            },
            "end": {
              "line": 102,
              "column": 61
            }
          }
        ],
        "line": 102
      },
      "5": {
        "loc": {
          "start": {
            "line": 108,
            "column": 11
          },
          "end": {
            "line": 110,
            "column": 11
          }
        },
        "type": "binary-expr",
        "locations": [
          {
            "start": {
              "line": 108,
              "column": 11
            },
            "end": {
              "line": 108,
              "column": 25
            }
          },
          {
            "start": {
              "line": 109,
              "column": 12
            },
            "end": {
              "line": 109,
              "column": 77
            }
          }
        ],
        "line": 108
      },
      "6": {
        "loc": {
          "start": {
            "line": 111,
            "column": 11
          },
          "end": {
            "line": 122,
            "column": 11
          }
        },
        "type": "binary-expr",
        "locations": [
          {
            "start": {
              "line": 111,
              "column": 11
            },
            "end": {
              "line": 111,
              "column": 27
            }
          },
          {
            "start": {
              "line": 112,
              "column": 12
            },
            "end": {
              "line": 121,
              "column": 18
            }
          }
        ],
        "line": 111
      },
      "7": {
        "loc": {
          "start": {
            "line": 123,
            "column": 11
          },
          "end": {
            "line": 139,
            "column": 11
          }
        },
        "type": "binary-expr",
        "locations": [
          {
            "start": {
              "line": 123,
              "column": 11
            },
            "end": {
              "line": 123,
              "column": 16
            }
          },
          {
            "start": {
              "line": 124,
              "column": 12
            },
            "end": {
              "line": 138,
              "column": 14
            }
          }
        ],
        "line": 123
      },
      "8": {
        "loc": {
          "start": {
            "line": 140,
            "column": 11
          },
          "end": {
            "line": 148,
            "column": 11
          }
        },
        "type": "binary-expr",
        "locations": [
          {
            "start": {
              "line": 140,
              "column": 11
            },
            "end": {
              "line": 140,
              "column": 16
            }
          },
          {
            "start": {
              "line": 141,
              "column": 12
            },
            "end": {
              "line": 147,
              "column": 14
            }
          }
        ],
        "line": 140
      }
    },
    "s": {
      "0": 12,
      "1": 10,
      "2": 10,
      "3": 10,
      "4": 10,
      "5": 10,
      "6": 10,
      "7": 10,
      "8": 10,
      "9": 10,
      "10": 10,
      "11": 10,
      "12": 10,
      "13": 10,
      "14": 10,
      "15": 0,
      "16": 0,
      "17": 0,
      "18": 10,
      "19": 2,
      "20": 2,
      "21": 2,
      "22": 10
    },
    "f": {
      "0": 12,
      "1": 10,
      "2": 0,
      "3": 2,
      "4": 2
    },
    "b": {
      "0": [
        10,
        0
      ],
      "1": [
        10,
        10
      ],
      "2": [
        10,
        0
      ],
      "3": [
        10,
        10
      ],
      "4": [
        10,
        0
      ],
      "5": [
        10,
        0
      ],
      "6": [
        10,
        0
      ],
      "7": [
        10,
        10
      ],
      "8": [
        10,
        10
      ]
    },
    "_coverageSchema": "1a1c01bbd47fc00a2c39e90264f33305004495a9",
    "hash": "43a2a3bb58f86fa3d84e91a1596fb12c6dba7085"
  },
  "/Users/Miranda/twelveLabs/Get-Inspiration-V2/src/App.js": {
    "path": "/Users/Miranda/twelveLabs/Get-Inspiration-V2/src/App.js",
    "statementMap": {
      "0": {
        "start": {
          "line": 18,
          "column": 51
        },
        "end": {
          "line": 20,
          "column": 3
        }
      },
      "1": {
        "start": {
          "line": 22,
          "column": 22
        },
        "end": {
          "line": 22,
          "column": 38
        }
      },
      "2": {
        "start": {
          "line": 24,
          "column": 2
        },
        "end": {
          "line": 26,
          "column": 40
        }
      },
      "3": {
        "start": {
          "line": 25,
          "column": 4
        },
        "end": {
          "line": 25,
          "column": 69
        }
      },
      "4": {
        "start": {
          "line": 28,
          "column": 2
        },
        "end": {
          "line": 43,
          "column": 4
        }
      }
    },
    "fnMap": {
      "0": {
        "name": "App",
        "decl": {
          "start": {
            "line": 17,
            "column": 9
          },
          "end": {
            "line": 17,
            "column": 12
          }
        },
        "loc": {
          "start": {
            "line": 17,
            "column": 15
          },
          "end": {
            "line": 44,
            "column": 1
          }
        },
        "line": 17
      },
      "1": {
        "name": "(anonymous_1)",
        "decl": {
          "start": {
            "line": 24,
            "column": 12
          },
          "end": {
            "line": 24,
            "column": 13
          }
        },
        "loc": {
          "start": {
            "line": 24,
            "column": 18
          },
          "end": {
            "line": 26,
            "column": 3
          }
        },
        "line": 24
      }
    },
    "branchMap": {
      "0": {
        "loc": {
          "start": {
            "line": 32,
            "column": 11
          },
          "end": {
            "line": 32,
            "column": 60
          }
        },
        "type": "binary-expr",
        "locations": [
          {
            "start": {
              "line": 32,
              "column": 11
            },
            "end": {
              "line": 32,
              "column": 24
            }
          },
          {
            "start": {
              "line": 32,
              "column": 28
            },
            "end": {
              "line": 32,
              "column": 60
            }
          }
        ],
        "line": 32
      },
      "1": {
        "loc": {
          "start": {
            "line": 33,
            "column": 11
          },
          "end": {
            "line": 39,
            "column": 11
          }
        },
        "type": "binary-expr",
        "locations": [
          {
            "start": {
              "line": 33,
              "column": 11
            },
            "end": {
              "line": 33,
              "column": 23
            }
          },
          {
            "start": {
              "line": 34,
              "column": 12
            },
            "end": {
              "line": 38,
              "column": 14
            }
          }
        ],
        "line": 33
      },
      "2": {
        "loc": {
          "start": {
            "line": 36,
            "column": 23
          },
          "end": {
            "line": 36,
            "column": 50
          }
        },
        "type": "binary-expr",
        "locations": [
          {
            "start": {
              "line": 36,
              "column": 23
            },
            "end": {
              "line": 36,
              "column": 42
            }
          },
          {
            "start": {
              "line": 36,
              "column": 46
            },
            "end": {
              "line": 36,
              "column": 50
            }
          }
        ],
        "line": 36
      }
    },
    "s": {
      "0": 4,
      "1": 2,
      "2": 2,
      "3": 2,
      "4": 2
    },
    "f": {
      "0": 4,
      "1": 2
    },
    "b": {
      "0": [
        2,
        0
      ],
      "1": [
        2,
        2
      ],
      "2": [
        2,
        0
      ]
    },
    "_coverageSchema": "1a1c01bbd47fc00a2c39e90264f33305004495a9",
    "hash": "090adb63d3c9f4ef689a96f7fd24c30200ed505c"
  },
  "/Users/Miranda/twelveLabs/Get-Inspiration-V2/src/reportWebVitals.js": {
    "path": "/Users/Miranda/twelveLabs/Get-Inspiration-V2/src/reportWebVitals.js",
    "statementMap": {
      "0": {
        "start": {
          "line": 1,
          "column": 24
        },
        "end": {
          "line": 11,
          "column": 1
        }
      },
      "1": {
        "start": {
          "line": 2,
          "column": 2
        },
        "end": {
          "line": 10,
          "column": 3
        }
      },
      "2": {
        "start": {
          "line": 3,
          "column": 4
        },
        "end": {
          "line": 9,
          "column": 7
        }
      },
      "3": {
        "start": {
          "line": 4,
          "column": 6
        },
        "end": {
          "line": 4,
          "column": 26
        }
      },
      "4": {
        "start": {
          "line": 5,
          "column": 6
        },
        "end": {
          "line": 5,
          "column": 26
        }
      },
      "5": {
        "start": {
          "line": 6,
          "column": 6
        },
        "end": {
          "line": 6,
          "column": 26
        }
      },
      "6": {
        "start": {
          "line": 7,
          "column": 6
        },
        "end": {
          "line": 7,
          "column": 26
        }
      },
      "7": {
        "start": {
          "line": 8,
          "column": 6
        },
        "end": {
          "line": 8,
          "column": 27
        }
      }
    },
    "fnMap": {
      "0": {
        "name": "(anonymous_0)",
        "decl": {
          "start": {
            "line": 1,
            "column": 24
          },
          "end": {
            "line": 1,
            "column": 25
          }
        },
        "loc": {
          "start": {
            "line": 1,
            "column": 39
          },
          "end": {
            "line": 11,
            "column": 1
          }
        },
        "line": 1
      },
      "1": {
        "name": "(anonymous_1)",
        "decl": {
          "start": {
            "line": 3,
            "column": 30
          },
          "end": {
            "line": 3,
            "column": 31
          }
        },
        "loc": {
          "start": {
            "line": 3,
            "column": 79
          },
          "end": {
            "line": 9,
            "column": 5
          }
        },
        "line": 3
      }
    },
    "branchMap": {
      "0": {
        "loc": {
          "start": {
            "line": 2,
            "column": 2
          },
          "end": {
            "line": 10,
            "column": 3
          }
        },
        "type": "if",
        "locations": [
          {
            "start": {
              "line": 2,
              "column": 2
            },
            "end": {
              "line": 10,
              "column": 3
            }
          },
          {
            "start": {
              "line": 2,
              "column": 2
            },
            "end": {
              "line": 10,
              "column": 3
            }
          }
        ],
        "line": 2
      },
      "1": {
        "loc": {
          "start": {
            "line": 2,
            "column": 6
          },
          "end": {
            "line": 2,
            "column": 52
          }
        },
        "type": "binary-expr",
        "locations": [
          {
            "start": {
              "line": 2,
              "column": 6
            },
            "end": {
              "line": 2,
              "column": 17
            }
          },
          {
            "start": {
              "line": 2,
              "column": 21
            },
            "end": {
              "line": 2,
              "column": 52
            }
          }
        ],
        "line": 2
      }
    },
    "s": {
      "0": 2,
      "1": 2,
      "2": 0,
      "3": 0,
      "4": 0,
      "5": 0,
      "6": 0,
      "7": 0
    },
    "f": {
      "0": 2,
      "1": 0
    },
    "b": {
      "0": [
        0,
        2
      ],
      "1": [
        2,
        0
      ]
    },
    "_coverageSchema": "1a1c01bbd47fc00a2c39e90264f33305004495a9",
    "hash": "2a337fde5082f900695bcb470e8b0cd583ba4e02"
  },
  "/Users/Miranda/twelveLabs/Get-Inspiration-V2/src/index.js": {
    "path": "/Users/Miranda/twelveLabs/Get-Inspiration-V2/src/index.js",
    "statementMap": {
      "0": {
        "start": {
          "line": 10,
          "column": 20
        },
        "end": {
          "line": 16,
          "column": 2
        }
      },
      "1": {
        "start": {
          "line": 18,
          "column": 13
        },
        "end": {
          "line": 18,
          "column": 65
        }
      },
      "2": {
        "start": {
          "line": 20,
          "column": 0
        },
        "end": {
          "line": 27,
          "column": 2
        }
      },
      "3": {
        "start": {
          "line": 32,
          "column": 0
        },
        "end": {
          "line": 32,
          "column": 18
        }
      }
    },
    "fnMap": {},
    "branchMap": {},
    "s": {
      "0": 2,
      "1": 2,
      "2": 2,
      "3": 2
    },
    "f": {},
    "b": {},
    "_coverageSchema": "1a1c01bbd47fc00a2c39e90264f33305004495a9",
    "hash": "83614e0754a384580390892672762295da476cea"
  }
}